Simulating 200 generations of 100 individuals, for a total of 2000000 games.
Generation count: 1
Best score: 294
Best weights: -3 0 0 0 -4 -3 
====================
Generation count: 2
Best score: 287
Best weights: -3 0 0 0 -4 -3 
====================
Generation count: 3
Best score: 287
Best weights: -3 0 0 0 -4 -3 
====================
Generation count: 4
Best score: 300
Best weights: -3 0 0 0 -4 -3 
====================
Generation count: 5
Best score: 277
Best weights: -3 0 0 0 -4 -3 
====================
Generation count: 6
Best score: 299
Best weights: -3 1 0 0 -1 -3 
====================
Generation count: 7
Best score: 292
Best weights: -2 3 0 0 -4 -3 
====================
Generation count: 8
Best score: 302
Best weights: -2 3 0 0 -4 -3 
====================
Generation count: 9
Best score: 294
Best weights: 0 0 0 -1 -4 -2 
====================
Generation count: 10
Best score: 294
Best weights: 0 3 1 -4 -3 -4 
====================
Generation count: 11
Best score: 301
Best weights: 0 0 -1 -1 -4 -2 
====================
Generation count: 12
Best score: 300
Best weights: 0 3 -1 -1 -4 -1 
====================
Generation count: 13
Best score: 304
Best weights: 0 4 0 -1 -4 -2 
====================
Generation count: 14
Best score: 309
Best weights: 1 3 -1 2 -4 -2 
====================
Generation count: 15
Best score: 303
Best weights: 1 3 -1 2 -4 -2 
====================
Generation count: 16
Best score: 303
Best weights: 1 4 -1 2 -3 -2 
====================
Generation count: 17
Best score: 290
Best weights: 1 4 -1 2 -3 -2 
====================
Generation count: 18
Best score: 302
Best weights: 1 4 -1 2 -3 -2 
====================
Generation count: 19
Best score: 295
Best weights: 1 4 -1 2 -3 -2 
====================
Generation count: 20
Best score: 284
Best weights: 0 -1 -1 -1 -4 -2 
====================
Generation count: 21
Best score: 272
Best weights: -2 0 0 0 -3 -4 
====================
Generation count: 22
Best score: 280
Best weights: 1 3 -1 2 -3 -3 
====================
Generation count: 23
Best score: 273
Best weights: -3 -4 4 4 -3 -2 
====================
Generation count: 24
Best score: 302
Best weights: -1 -1 0 -1 -4 -2 
====================
Generation count: 25
Best score: 321
Best weights: 0 -1 -1 -1 -4 -2 
====================
Generation count: 26
Best score: 282
Best weights: 0 -1 -1 -1 -4 -2 
====================
Generation count: 27
Best score: 295
Best weights: -1 3 0 -1 -4 -2 
====================
Generation count: 28
Best score: 294
Best weights: 0 -1 -1 -1 -4 -2 
====================
Generation count: 29
Best score: 283
Best weights: 0 -1 -1 -1 -4 -2 
====================
Generation count: 30
Best score: 281
Best weights: 0 -1 -1 -1 -4 -2 
====================
Generation count: 31
Best score: 292
Best weights: 1 0 -1 2 -4 -3 
====================
Generation count: 32
Best score: 302
Best weights: 1 0 -1 2 -4 -3 
====================
Generation count: 33
Best score: 314
Best weights: 1 0 0 2 -4 -4 
====================
Generation count: 34
Best score: 314
Best weights: 0 3 -1 -1 -4 -3 
====================
Generation count: 35
Best score: 322
Best weights: 0 -1 -1 -1 -4 -2 
====================
Generation count: 36
Best score: 313
Best weights: 0 -1 -1 -1 -4 -2 
====================
Generation count: 37
Best score: 318
Best weights: 0 -1 -1 -1 -4 -2 
====================
Generation count: 38
Best score: 299
Best weights: 1 0 -1 2 -4 -3 
====================
Generation count: 39
Best score: 284
Best weights: 0 -1 -1 -1 -4 -2 
====================
Generation count: 40
Best score: 286
Best weights: 0 -1 -1 -1 -4 -2 
====================
Generation count: 41
Best score: 301
Best weights: 0 -1 -1 -1 -4 -2 
====================
Generation count: 42
Best score: 298
Best weights: 1 4 -1 2 -2 -2 
====================
Generation count: 43
Best score: 286
Best weights: 0 -3 -1 -1 -4 -3 
====================
Generation count: 44
Best score: 286
Best weights: 4 0 4 2 2 -1 
====================
Generation count: 45
Best score: 288
Best weights: 0 -1 -1 -1 -4 -2 
====================
Generation count: 46
Best score: 296
Best weights: 0 4 -1 -1 -4 -3 
====================
Generation count: 47
Best score: 301
Best weights: 1 3 -1 -1 -4 -3 
====================
Generation count: 48
Best score: 301
Best weights: 1 0 -1 -1 -4 -3 
====================
Generation count: 49
Best score: 313
Best weights: 1 3 -1 -1 -4 -3 
====================
Generation count: 50
Best score: 310
Best weights: 1 0 -1 -1 -3 -3 
====================
Generation count: 51
Best score: 295
Best weights: 1 0 -1 -1 -4 -3 
====================
Generation count: 52
Best score: 298
Best weights: 0 3 0 -1 -4 -1 
====================
Generation count: 53
Best score: 314
Best weights: 0 4 0 -1 -4 -1 
====================
Generation count: 54
Best score: 322
Best weights: 0 4 -1 -1 -4 0 
====================
Generation count: 55
Best score: 302
Best weights: 1 0 -1 -4 -4 -3 
====================
Generation count: 56
Best score: 314
Best weights: 0 0 0 -1 -4 -3 
====================
Generation count: 57
Best score: 313
Best weights: 0 -1 0 -1 -4 -2 
====================
Generation count: 58
Best score: 322
Best weights: 1 0 0 -4 -4 -3 
====================
Generation count: 59
Best score: 312
Best weights: 1 0 0 -4 -4 -3 
====================
Generation count: 60
Best score: 300
Best weights: 1 3 -1 -1 -4 -4 
====================
Generation count: 61
Best score: 312
Best weights: 1 4 -1 -1 -4 -1 
====================
Generation count: 62
Best score: 301
Best weights: 1 3 -1 -4 -4 -4 
====================
Generation count: 63
Best score: 310
Best weights: 0 -4 -1 -1 -4 -3 
====================
Generation count: 64
Best score: 299
Best weights: 0 -4 -1 -1 -4 -3 
====================
Generation count: 65
Best score: 301
Best weights: 0 -4 -1 -1 -4 -3 
====================
Generation count: 66
Best score: 308
Best weights: 1 4 -1 -4 -4 -4 
====================
Generation count: 67
Best score: 299
Best weights: 0 3 0 -1 -4 -2 
====================
Generation count: 68
Best score: 300
Best weights: 0 0 0 -1 -4 -3 
====================
Generation count: 69
Best score: 338
Best weights: -1 4 -1 -4 -4 -4 
====================
Generation count: 70
Best score: 322
Best weights: 0 -4 -1 -1 -4 -3 
====================
Generation count: 71
Best score: 313
Best weights: 0 0 0 -1 -4 -4 
====================
Generation count: 72
Best score: 312
Best weights: 2 4 0 3 -4 -4 
====================
Generation count: 73
Best score: 314
Best weights: 2 0 2 3 0 -4 
====================
Generation count: 74
Best score: 320
Best weights: -1 4 -1 -4 -4 -4 
====================
Generation count: 75
Best score: 312
Best weights: -1 4 -1 -4 -4 -4 
====================
Generation count: 76
Best score: 318
Best weights: 0 3 -1 -1 -4 -3 
====================
Generation count: 77
Best score: 334
Best weights: -1 4 -1 -4 -4 -4 
====================
Generation count: 78
Best score: 315
Best weights: 1 4 -1 -1 -4 -2 
====================
Generation count: 79
Best score: 343
Best weights: -1 4 -1 -4 -4 -4 
====================
Generation count: 80
Best score: 307
Best weights: -1 4 -1 -4 -4 -4 
====================
Generation count: 81
Best score: 321
Best weights: -1 4 -1 -4 -4 -4 
====================
Generation count: 82
Best score: 289
Best weights: 0 0 0 -1 -4 -2 
====================
Generation count: 83
Best score: 296
Best weights: 1 4 0 3 -4 -4 
====================
Generation count: 84
Best score: 313
Best weights: 0 4 -1 -1 -4 0 
====================
Generation count: 85
Best score: 305
Best weights: 1 0 0 2 0 -4 
====================
Generation count: 86
Best score: 318
Best weights: 1 4 -1 2 -3 -2 
====================
Generation count: 87
Best score: 291
Best weights: 2 0 0 1 -4 0 
====================
Generation count: 88
Best score: 310
Best weights: 2 0 0 1 -4 0 
====================
Generation count: 89
Best score: 304
Best weights: 2 0 0 1 -4 0 
====================
Generation count: 90
Best score: 298
Best weights: -3 0 -1 1 -4 -3 
====================
Generation count: 91
Best score: 287
Best weights: 0 3 0 -1 -4 -4 
====================
Generation count: 92
Best score: 289
Best weights: 1 0 -1 -4 -4 -2 
====================
Generation count: 93
Best score: 302
Best weights: 0 0 -1 -1 -4 -3 
====================
Generation count: 94
Best score: 297
Best weights: 0 4 -1 -1 -4 -4 
====================
Generation count: 95
Best score: 308
Best weights: 1 4 -1 2 -4 -2 
====================
Generation count: 96
Best score: 311
Best weights: 1 4 -1 2 -4 -2 
====================
Generation count: 97
Best score: 320
Best weights: 1 4 -1 2 -4 -2 
====================
Generation count: 98
Best score: 318
Best weights: 1 4 -1 2 -4 -2 
====================
Generation count: 99
Best score: 317
Best weights: 1 4 -1 2 -4 -2 
====================
Generation count: 100
Best score: 312
Best weights: 1 4 -1 2 -4 -2 
====================
Generation count: 101
Best score: 315
Best weights: 1 4 -1 2 -4 -2 
====================
Generation count: 102
Best score: 286
Best weights: 3 3 -2 2 -4 0 
====================
Generation count: 103
Best score: 290
Best weights: 0 0 0 -1 -4 -3 
====================
Generation count: 104
Best score: 285
Best weights: 0 0 0 -1 -4 -3 
====================
Generation count: 105
Best score: 294
Best weights: 1 4 0 -4 -2 -2 
====================
Generation count: 106
Best score: 297
Best weights: 0 -3 0 -1 -4 -4 
====================
Generation count: 107
Best score: 298
Best weights: 0 0 0 -1 -4 -3 
====================
Generation count: 108
Best score: 306
Best weights: 0 -3 0 -1 -4 -4 
====================
Generation count: 109
Best score: 326
Best weights: 0 4 0 -1 -4 0 
====================
Generation count: 110
Best score: 307
Best weights: 0 2 0 -1 -4 -1 
====================
Generation count: 111
Best score: 304
Best weights: 0 0 0 -1 -4 -3 
====================
Generation count: 112
Best score: 301
Best weights: 0 2 0 -1 -4 -2 
====================
Generation count: 113
Best score: 282
Best weights: 1 1 0 3 -3 3 
====================
Generation count: 114
Best score: 288
Best weights: 0 2 -1 -1 -4 -1 
====================
Generation count: 115
Best score: 307
Best weights: 0 4 -1 -1 -4 0 
====================
Generation count: 116
Best score: 315
Best weights: 0 4 -1 -1 -4 0 
====================
Generation count: 117
Best score: 297
Best weights: 0 -4 -1 -1 -4 -3 
====================
Generation count: 118
Best score: 271
Best weights: -1 2 -1 -3 -4 -3 
====================
Generation count: 119
Best score: 280
Best weights: -1 2 -1 -3 -4 -3 
====================
Generation count: 120
Best score: 278
Best weights: -1 -1 2 4 -4 -2 
====================
Generation count: 121
Best score: 296
Best weights: -1 -1 2 4 -4 -2 
====================
Generation count: 122
Best score: 295
Best weights: 0 2 0 -1 -4 -1 
====================
Generation count: 123
Best score: 299
Best weights: 0 4 0 -1 -4 0 
====================
Generation count: 124
Best score: 305
Best weights: 0 -2 0 -1 -4 -2 
====================
Generation count: 125
Best score: 294
Best weights: 3 -3 -1 4 -3 -3 
====================
Generation count: 126
Best score: 302
Best weights: 3 3 2 4 -4 -2 
====================
Generation count: 127
Best score: 305
Best weights: -2 -3 -1 3 4 -1 
====================
Generation count: 128
Best score: 293
Best weights: -4 2 2 1 -4 -2 
====================
Generation count: 129
Best score: 292
Best weights: -3 -3 -1 4 -4 -3 
====================
Generation count: 130
Best score: 286
Best weights: -3 -3 0 1 -4 -2 
====================
Generation count: 131
Best score: 288
Best weights: -3 -3 -1 4 -4 -2 
====================
Generation count: 132
Best score: 282
Best weights: -3 -3 0 1 -4 -2 
====================
Generation count: 133
Best score: 273
Best weights: -1 4 -1 0 -4 1 
====================
Generation count: 134
Best score: 274
Best weights: -4 4 -1 1 -4 -2 
====================
Generation count: 135
Best score: 281
Best weights: -3 4 -1 0 -3 -3 
====================
Generation count: 136
Best score: 284
Best weights: -3 -3 0 1 -4 -2 
====================
Generation count: 137
Best score: 278
Best weights: -3 4 -1 0 -3 -3 
====================
Generation count: 138
Best score: 257
Best weights: -4 -2 -1 1 -4 -2 
====================
Generation count: 139
Best score: 258
Best weights: -4 4 -1 0 -3 -3 
====================
Generation count: 140
Best score: 240
Best weights: -3 4 -1 0 -3 -2 
====================
Generation count: 141
Best score: 253
Best weights: -3 -3 0 1 -4 -2 
====================
Generation count: 142
Best score: 243
Best weights: -3 -3 -1 1 -4 -2 
====================
Generation count: 143
Best score: 246
Best weights: -4 -1 0 1 -4 -2 
====================
Generation count: 144
Best score: 246
Best weights: -2 4 -1 0 -3 0 
====================
Generation count: 145
Best score: 276
Best weights: -3 -1 0 1 -4 -3 
====================
Generation count: 146
Best score: 300
Best weights: -3 4 -1 0 -3 -4 
====================
Generation count: 147
Best score: 292
Best weights: -4 -4 0 1 -3 -3 
====================
Generation count: 148
Best score: 262
Best weights: -2 0 0 2 -4 -1 
====================
Generation count: 149
Best score: 263
Best weights: 0 1 -1 -2 -4 -3 
====================
Generation count: 150
Best score: 284
Best weights: -1 4 -1 0 -4 -1 
====================
Generation count: 151
Best score: 286
Best weights: 0 1 -1 -2 -4 -3 
====================
Generation count: 152
Best score: 286
Best weights: 0 1 -1 -2 -4 -3 
====================
Generation count: 153
Best score: 292
Best weights: 0 1 -1 -2 -4 -3 
====================
Generation count: 154
Best score: 330
Best weights: 0 1 -1 -2 -4 -3 
====================
Generation count: 155
Best score: 308
Best weights: 0 0 -1 -2 -4 -3 
====================
Generation count: 156
Best score: 290
Best weights: -2 2 -1 0 -4 -4 
====================
Generation count: 157
Best score: 288
Best weights: 0 4 -1 -2 -4 -3 
====================
Generation count: 158
Best score: 287
Best weights: 0 4 -1 -2 -4 -3 
====================
Generation count: 159
Best score: 288
Best weights: 0 4 -1 -2 -4 -3 
====================
Generation count: 160
Best score: 296
Best weights: 0 4 -1 -2 -4 -3 
====================
Generation count: 161
Best score: 281
Best weights: 0 4 -1 -2 -4 -3 
====================
Generation count: 162
Best score: 294
Best weights: 0 0 -1 -2 -4 -4 
====================
Generation count: 163
Best score: 276
Best weights: 0 0 -1 -2 -4 -4 
====================
Generation count: 164
Best score: 295
Best weights: 0 4 -1 -2 -4 -3 
====================
Generation count: 165
Best score: 280
Best weights: 0 0 -1 -2 -4 -4 
====================
Generation count: 166
Best score: 277
Best weights: 0 0 -1 -2 -4 -4 
====================
Generation count: 167
Best score: 307
Best weights: 0 0 -1 -1 -4 -4 
====================
Generation count: 168
Best score: 295
Best weights: 0 0 -1 -1 -4 -4 
====================
Generation count: 169
Best score: 314
Best weights: 0 0 -1 -1 -4 -4 
====================
Generation count: 170
Best score: 302
Best weights: 0 0 -1 -1 -4 -4 
====================
Generation count: 171
Best score: 319
Best weights: 1 3 -1 3 -4 -4 
====================
Generation count: 172
Best score: 311
Best weights: 1 3 -1 3 -4 -4 
====================
Generation count: 173
Best score: 322
Best weights: -1 0 -1 0 -4 -2 
====================
Generation count: 174
Best score: 304
Best weights: 1 3 -1 3 -4 -3 
====================
Generation count: 175
Best score: 299
Best weights: 1 3 -1 3 -4 -4 
====================
Generation count: 176
Best score: 298
Best weights: -1 -2 -1 0 -4 -3 
====================
Generation count: 177
Best score: 291
Best weights: 1 3 -1 3 -4 -4 
====================
Generation count: 178
Best score: 296
Best weights: -1 -2 -1 0 -4 -3 
====================
Generation count: 179
Best score: 288
Best weights: 1 -2 -1 0 -4 -3 
====================
Generation count: 180
Best score: 279
Best weights: 1 -2 -1 0 -4 -3 
====================
Generation count: 181
Best score: 284
Best weights: -4 -1 -1 3 -4 -2 
====================
Generation count: 182
Best score: 292
Best weights: -4 -1 -1 3 -4 -2 
====================
Generation count: 183
Best score: 284
Best weights: -4 -1 -1 3 -4 -2 
====================
Generation count: 184
Best score: 288
Best weights: 0 0 0 -1 -4 -3 
====================
Generation count: 185
Best score: 304
Best weights: 0 0 0 -1 -4 -3 
====================
Generation count: 186
Best score: 319
Best weights: 0 0 0 -1 -4 -4 
====================
Generation count: 187
Best score: 327
Best weights: 0 0 0 -1 -4 -3 
====================
Generation count: 188
Best score: 335
Best weights: 0 0 0 -1 -4 -3 
====================
Generation count: 189
Best score: 314
Best weights: 0 0 0 -1 -4 -4 
====================
Generation count: 190
Best score: 310
Best weights: 0 0 0 -1 -4 -3 
====================
Generation count: 191
Best score: 288
Best weights: 0 0 0 -1 -4 -3 
====================
Generation count: 192
Best score: 285
Best weights: 0 0 0 -1 -4 -3 
====================
Generation count: 193
Best score: 282
Best weights: 1 4 -1 3 -4 -3 
====================
Generation count: 194
Best score: 284
Best weights: 1 -4 -1 0 -4 -3 
====================
Generation count: 195
Best score: 282
Best weights: -4 -1 2 3 2 -2 
====================
Generation count: 196
Best score: 289
Best weights: 0 4 -1 -1 -4 -3 
====================
Generation count: 197
Best score: 282
Best weights: -1 4 -1 0 -4 -2 
====================
Generation count: 198
Best score: 281
Best weights: 1 1 -1 -4 -3 -3 
====================
Generation count: 199
Best score: 274
Best weights: 1 1 -1 -4 -4 -3 
====================
Generation count: 200
Best score: 286
Best weights: -1 3 -1 -3 -4 -4 
====================
