Simulating 500 generations of 100 individuals, for a total of 5000000 games.
Generation count: 1
Best score: 273
Best weights: -7 -3 5 9 -5 -2 
====================
Generation count: 2
Best score: 283
Best weights: 3 7 -1 -7 -8 -8 
====================
Generation count: 3
Best score: 284
Best weights: 0 -7 2 -5 -8 -6 
====================
Generation count: 4
Best score: 275
Best weights: 3 7 -1 -7 -8 -8 
====================
Generation count: 5
Best score: 287
Best weights: 0 -7 2 -5 -8 -6 
====================
Generation count: 6
Best score: 302
Best weights: 3 7 -1 -7 -8 -8 
====================
Generation count: 7
Best score: 300
Best weights: 0 5 -2 -5 -8 -6 
====================
Generation count: 8
Best score: 295
Best weights: -6 7 -1 8 -6 0 
====================
Generation count: 9
Best score: 270
Best weights: 0 5 2 -5 -8 -6 
====================
Generation count: 10
Best score: 278
Best weights: -6 -6 -1 3 -9 -4 
====================
Generation count: 11
Best score: 277
Best weights: 0 5 -2 -5 -8 -6 
====================
Generation count: 12
Best score: 290
Best weights: 1 1 -1 -5 -8 -6 
====================
Generation count: 13
Best score: 302
Best weights: 1 1 -1 -5 -8 -6 
====================
Generation count: 14
Best score: 304
Best weights: -1 8 -1 -3 -8 -6 
====================
Generation count: 15
Best score: 285
Best weights: -1 8 -1 -3 -8 -6 
====================
Generation count: 16
Best score: 284
Best weights: -1 8 -1 -3 -8 -6 
====================
Generation count: 17
Best score: 277
Best weights: -1 8 -1 -3 -8 -6 
====================
Generation count: 18
Best score: 291
Best weights: -1 8 -1 -3 -4 -9 
====================
Generation count: 19
Best score: 286
Best weights: -1 8 -1 -3 -8 -6 
====================
Generation count: 20
Best score: 302
Best weights: 1 5 -2 -5 -8 -6 
====================
Generation count: 21
Best score: 316
Best weights: 1 5 -2 -5 -8 -6 
====================
Generation count: 22
Best score: 320
Best weights: 1 2 -2 -5 -8 -6 
====================
Generation count: 23
Best score: 328
Best weights: 1 5 -2 -5 -8 -6 
====================
Generation count: 24
Best score: 322
Best weights: 1 -1 -2 -5 -8 -6 
====================
Generation count: 25
Best score: 308
Best weights: 1 9 -2 -5 -8 -8 
====================
Generation count: 26
Best score: 315
Best weights: 1 9 -2 0 -8 -6 
====================
Generation count: 27
Best score: 303
Best weights: 1 8 -2 -5 -8 -6 
====================
Generation count: 28
Best score: 306
Best weights: 1 9 -2 -5 -8 -8 
====================
Generation count: 29
Best score: 325
Best weights: 1 9 -2 -5 -8 -2 
====================
Generation count: 30
Best score: 328
Best weights: 1 9 -2 -5 -8 -3 
====================
Generation count: 31
Best score: 324
Best weights: 1 9 -2 -5 -8 -4 
====================
Generation count: 32
Best score: 330
Best weights: 1 2 -2 -5 -8 -6 
====================
Generation count: 33
Best score: 312
Best weights: 1 8 -2 -5 -8 -8 
====================
Generation count: 34
Best score: 326
Best weights: 1 2 -2 -5 -8 -6 
====================
Generation count: 35
Best score: 332
Best weights: 1 8 -2 -4 -8 -8 
====================
Generation count: 36
Best score: 330
Best weights: 1 8 -2 -4 -8 -8 
====================
Generation count: 37
Best score: 318
Best weights: 1 9 -2 -4 -8 -8 
====================
Generation count: 38
Best score: 292
Best weights: 1 8 -2 -5 -8 -8 
====================
Generation count: 39
Best score: 290
Best weights: 1 8 -2 -4 -8 -8 
====================
Generation count: 40
Best score: 312
Best weights: 1 8 -2 -5 -8 -8 
====================
Generation count: 41
Best score: 326
Best weights: 1 9 -2 -5 -8 -8 
====================
Generation count: 42
Best score: 312
Best weights: 1 9 -2 -4 -8 -6 
====================
Generation count: 43
Best score: 340
Best weights: 1 9 -2 -4 -8 -5 
====================
Generation count: 44
Best score: 338
Best weights: 1 9 -2 -4 -8 -8 
====================
Generation count: 45
Best score: 330
Best weights: 1 8 -2 -4 -8 -8 
====================
Generation count: 46
Best score: 318
Best weights: 1 9 -2 -4 -8 -6 
====================
Generation count: 47
Best score: 354
Best weights: 1 8 -2 -4 -8 -7 
====================
Generation count: 48
Best score: 366
Best weights: 1 9 -2 -4 -8 -8 
====================
Generation count: 49
Best score: 340
Best weights: 1 8 -2 -5 -8 -9 
====================
Generation count: 50
Best score: 296
Best weights: 1 4 -2 -5 -8 -6 
====================
Generation count: 51
Best score: 322
Best weights: 1 9 -2 -4 -8 -5 
====================
Generation count: 52
Best score: 330
Best weights: 1 9 -2 -4 -8 -5 
====================
Generation count: 53
Best score: 348
Best weights: 1 1 -2 -4 -8 -8 
====================
Generation count: 54
Best score: 348
Best weights: 1 8 -2 -4 -8 -9 
====================
Generation count: 55
Best score: 340
Best weights: 1 9 -2 -4 -8 -8 
====================
Generation count: 56
Best score: 343
Best weights: 1 6 -2 -5 -8 -9 
====================
Generation count: 57
Best score: 354
Best weights: 1 6 -2 -4 -8 -8 
====================
Generation count: 58
Best score: 354
Best weights: 1 8 -2 -4 -8 -7 
====================
Generation count: 59
Best score: 350
Best weights: 1 1 -2 -4 -8 -9 
====================
Generation count: 60
Best score: 358
Best weights: 1 0 -2 -4 -8 -8 
====================
Generation count: 61
Best score: 356
Best weights: 1 6 -2 -4 -8 -9 
====================
Generation count: 62
Best score: 367
Best weights: 1 8 -2 -4 -8 -9 
====================
Generation count: 63
Best score: 345
Best weights: 1 1 -2 -4 -8 -9 
====================
Generation count: 64
Best score: 360
Best weights: 1 6 -2 -4 -8 -7 
====================
Generation count: 65
Best score: 356
Best weights: 1 4 -2 -4 -8 -8 
====================
Generation count: 66
Best score: 343
Best weights: 1 9 -2 -4 -8 -9 
====================
Generation count: 67
Best score: 355
Best weights: 1 2 -2 -4 -8 -8 
====================
Generation count: 68
Best score: 342
Best weights: 1 9 -2 -4 -8 -9 
====================
Generation count: 69
Best score: 324
Best weights: 1 -8 -2 -4 -8 -8 
====================
Generation count: 70
Best score: 336
Best weights: 1 -8 -2 -4 -8 -8 
====================
Generation count: 71
Best score: 302
Best weights: 1 9 -2 -4 -8 -9 
====================
Generation count: 72
Best score: 315
Best weights: 1 -1 -2 -4 -8 -7 
====================
Generation count: 73
Best score: 331
Best weights: 1 4 -2 -4 -9 -9 
====================
Generation count: 74
Best score: 355
Best weights: 1 4 -2 -4 -9 -9 
====================
Generation count: 75
Best score: 358
Best weights: 1 4 -2 -4 -9 -9 
====================
Generation count: 76
Best score: 362
Best weights: 1 4 -2 -4 -9 -9 
====================
Generation count: 77
Best score: 368
Best weights: 1 6 -2 -4 -9 -7 
====================
Generation count: 78
Best score: 354
Best weights: 1 -7 -2 -4 -9 -7 
====================
Generation count: 79
Best score: 332
Best weights: 1 4 -2 -4 -9 -8 
====================
Generation count: 80
Best score: 324
Best weights: 1 -7 -2 -4 -9 -7 
====================
Generation count: 81
Best score: 334
Best weights: 1 4 -2 -4 -9 -9 
====================
Generation count: 82
Best score: 348
Best weights: 1 6 -2 -4 -9 -7 
====================
Generation count: 83
Best score: 348
Best weights: 1 4 -2 -4 -9 -8 
====================
Generation count: 84
Best score: 356
Best weights: 1 6 -2 -4 -9 -7 
====================
Generation count: 85
Best score: 338
Best weights: 1 3 -2 -4 -9 -5 
====================
Generation count: 86
Best score: 354
Best weights: 1 4 -2 -4 -9 -9 
====================
Generation count: 87
Best score: 352
Best weights: 1 4 -2 -4 -9 -8 
====================
Generation count: 88
Best score: 324
Best weights: 1 6 -2 -4 -9 -7 
====================
Generation count: 89
Best score: 334
Best weights: 1 6 -2 -4 -9 -7 
====================
Generation count: 90
Best score: 336
Best weights: 1 6 -2 -4 -9 -9 
====================
Generation count: 91
Best score: 342
Best weights: 1 4 -2 -4 -9 -9 
====================
Generation count: 92
Best score: 338
Best weights: 1 6 -2 -4 -9 -7 
====================
Generation count: 93
Best score: 356
Best weights: 1 3 -2 -4 -9 -9 
====================
Generation count: 94
Best score: 346
Best weights: 1 4 -2 -4 -9 -9 
====================
Generation count: 95
Best score: 314
Best weights: 1 6 -2 -4 -9 -7 
====================
Generation count: 96
Best score: 340
Best weights: 1 4 -2 -4 -9 -8 
====================
Generation count: 97
Best score: 332
Best weights: 1 3 -2 -4 -9 -9 
====================
Generation count: 98
Best score: 342
Best weights: 1 9 -2 -4 -9 -7 
====================
Generation count: 99
Best score: 328
Best weights: 1 6 -2 -4 -9 -9 
====================
Generation count: 100
Best score: 332
Best weights: 1 4 -2 -4 -9 -9 
====================
Generation count: 101
Best score: 326
Best weights: 1 6 -2 -4 -9 -7 
====================
Generation count: 102
Best score: 326
Best weights: 1 4 -2 -4 -9 -8 
====================
Generation count: 103
Best score: 344
Best weights: 1 0 -2 -4 -9 -9 
====================
Generation count: 104
Best score: 334
Best weights: 1 1 -2 -4 -9 -5 
====================
Generation count: 105
Best score: 324
Best weights: 1 3 -2 -4 -9 -9 
====================
Generation count: 106
Best score: 334
Best weights: 1 9 -2 -4 -9 -7 
====================
Generation count: 107
Best score: 326
Best weights: 1 6 -2 -4 -9 -9 
====================
Generation count: 108
Best score: 336
Best weights: 1 4 -2 -4 -9 -9 
====================
Generation count: 109
Best score: 354
Best weights: 1 6 -2 -4 -9 -7 
====================
Generation count: 110
Best score: 338
Best weights: 1 3 -2 -4 -9 -8 
====================
Generation count: 111
Best score: 322
Best weights: 1 6 -2 -4 -9 -7 
====================
Generation count: 112
Best score: 326
Best weights: 1 6 -2 -4 -9 -8 
====================
Generation count: 113
Best score: 314
Best weights: 1 6 -2 -4 -9 -7 
====================
Generation count: 114
Best score: 322
Best weights: 1 6 -2 -4 -9 -8 
====================
Generation count: 115
Best score: 322
Best weights: 1 3 -2 -4 -9 -8 
====================
Generation count: 116
Best score: 324
Best weights: 1 4 -2 -4 -9 -9 
====================
Generation count: 117
Best score: 320
Best weights: 1 4 -2 -4 -9 -9 
====================
Generation count: 118
Best score: 316
Best weights: 1 4 -2 -4 -9 -9 
====================
Generation count: 119
Best score: 320
Best weights: 1 3 -2 -4 -9 -9 
====================
Generation count: 120
Best score: 306
Best weights: 1 9 -2 -4 -9 -9 
====================
Generation count: 121
Best score: 310
Best weights: 1 9 -2 -4 -9 -7 
====================
Generation count: 122
Best score: 340
Best weights: 1 4 -2 -4 -9 -8 
====================
Generation count: 123
Best score: 338
Best weights: 1 6 -2 -4 -9 -7 
====================
Generation count: 124
Best score: 350
Best weights: 1 9 -2 -4 -9 -8 
====================
Generation count: 125
Best score: 348
Best weights: 1 6 -2 -4 -9 -8 
====================
Generation count: 126
Best score: 336
Best weights: 1 3 -2 -4 -9 -8 
====================
Generation count: 127
Best score: 304
Best weights: 1 6 -2 -4 -9 -9 
====================
Generation count: 128
Best score: 322
Best weights: 1 4 -2 -4 -9 -9 
====================
Generation count: 129
Best score: 311
Best weights: 1 3 -2 -4 -9 -9 
====================
Generation count: 130
Best score: 312
Best weights: 1 4 -2 -4 -9 -9 
====================
Generation count: 131
Best score: 320
Best weights: 1 4 -2 -4 -9 -8 
====================
Generation count: 132
Best score: 334
Best weights: 1 9 -2 -4 -9 -7 
====================
Generation count: 133
Best score: 340
Best weights: 1 7 -2 -4 -9 -7 
====================
Generation count: 134
Best score: 308
Best weights: 1 9 -2 -4 -9 -6 
====================
Generation count: 135
Best score: 303
Best weights: 1 -2 -2 -7 -9 -9 
====================
Generation count: 136
Best score: 312
Best weights: 1 4 -2 -4 -9 -8 
====================
Generation count: 137
Best score: 324
Best weights: 1 5 -2 -4 -9 -8 
====================
Generation count: 138
Best score: 324
Best weights: 1 6 -2 -4 -9 -8 
====================
Generation count: 139
Best score: 316
Best weights: 1 9 -2 -4 -9 -8 
====================
Generation count: 140
Best score: 326
Best weights: 1 4 -2 0 -9 -9 
====================
Generation count: 141
Best score: 350
Best weights: 1 4 -2 0 -9 -9 
====================
Generation count: 142
Best score: 350
Best weights: 1 4 -2 0 -9 -9 
====================
Generation count: 143
Best score: 334
Best weights: 1 4 -2 0 -9 -9 
====================
Generation count: 144
Best score: 346
Best weights: 1 -7 -2 -4 -9 -9 
====================
Generation count: 145
Best score: 349
Best weights: 1 4 -2 0 -9 -9 
====================
Generation count: 146
Best score: 337
Best weights: 1 7 -2 -4 -9 -7 
====================
Generation count: 147
Best score: 326
Best weights: 1 -2 -2 -4 -9 -8 
====================
Generation count: 148
Best score: 312
Best weights: 1 1 -2 -7 -9 -7 
====================
Generation count: 149
Best score: 308
Best weights: 1 -6 -2 -4 -9 -8 
====================
Generation count: 150
Best score: 312
Best weights: 1 5 -2 -4 -9 -8 
====================
Generation count: 151
Best score: 321
Best weights: 1 1 -2 -7 -9 -7 
====================
Generation count: 152
Best score: 318
Best weights: 1 9 -2 -4 -9 -9 
====================
Generation count: 153
Best score: 306
Best weights: 1 7 -2 -4 -9 -8 
====================
Generation count: 154
Best score: 326
Best weights: 1 6 -2 -4 -9 -8 
====================
Generation count: 155
Best score: 306
Best weights: 1 1 -2 -4 -9 -9 
====================
Generation count: 156
Best score: 325
Best weights: 1 1 -2 0 -9 3 
====================
Generation count: 157
Best score: 306
Best weights: 1 9 -2 -4 -9 -8 
====================
Generation count: 158
Best score: 290
Best weights: 1 -2 -2 -4 -9 -7 
====================
Generation count: 159
Best score: 320
Best weights: 1 -8 -2 -4 -9 -8 
====================
Generation count: 160
Best score: 320
Best weights: 1 3 -2 -4 -9 -7 
====================
Generation count: 161
Best score: 342
Best weights: 1 9 -2 -4 -9 -8 
====================
Generation count: 162
Best score: 312
Best weights: 1 7 -2 -4 -9 -7 
====================
Generation count: 163
Best score: 327
Best weights: 1 9 -2 -4 -9 -9 
====================
Generation count: 164
Best score: 318
Best weights: 1 7 -2 -4 -9 -9 
====================
Generation count: 165
Best score: 329
Best weights: 1 9 -2 -4 -9 -4 
====================
Generation count: 166
Best score: 327
Best weights: 1 -2 -2 -4 -9 -7 
====================
Generation count: 167
Best score: 311
Best weights: 1 7 -2 -4 -9 -9 
====================
Generation count: 168
Best score: 319
Best weights: 1 8 -2 -4 -9 -3 
====================
Generation count: 169
Best score: 323
Best weights: 1 6 -2 -4 -9 -4 
====================
Generation count: 170
Best score: 327
Best weights: 1 9 -2 -4 -9 -8 
====================
Generation count: 171
Best score: 299
Best weights: 1 7 -2 0 -9 -7 
====================
Generation count: 172
Best score: 303
Best weights: 1 7 -2 -4 -9 -3 
====================
Generation count: 173
Best score: 313
Best weights: 1 9 -2 -4 -9 -9 
====================
Generation count: 174
Best score: 303
Best weights: 1 2 -2 -4 -9 -9 
====================
Generation count: 175
Best score: 330
Best weights: 1 8 -2 -4 -9 -7 
====================
Generation count: 176
Best score: 321
Best weights: 1 7 -2 -5 -9 -4 
====================
Generation count: 177
Best score: 337
Best weights: 1 7 -2 0 -9 -4 
====================
Generation count: 178
Best score: 321
Best weights: 1 8 -2 -4 -9 -4 
====================
Generation count: 179
Best score: 349
Best weights: 1 7 -2 -4 -9 -3 
====================
Generation count: 180
Best score: 341
Best weights: 1 7 -2 -4 -9 -7 
====================
Generation count: 181
Best score: 351
Best weights: 1 8 -2 -4 -9 -7 
====================
Generation count: 182
Best score: 362
Best weights: 1 7 -2 -4 -9 -7 
====================
Generation count: 183
Best score: 354
Best weights: 1 8 -2 -4 -9 -7 
====================
Generation count: 184
Best score: 330
Best weights: 1 7 -2 -4 -9 -7 
====================
Generation count: 185
Best score: 342
Best weights: 1 8 -2 -4 -9 -7 
====================
Generation count: 186
Best score: 338
Best weights: 1 7 -2 -4 -9 -7 
====================
Generation count: 187
Best score: 348
Best weights: 1 6 -2 -4 -9 -2 
====================
Generation count: 188
Best score: 340
Best weights: 1 7 -2 -4 -9 -7 
====================
Generation count: 189
Best score: 346
Best weights: 1 8 -2 -4 -9 -7 
====================
Generation count: 190
Best score: 348
Best weights: 1 6 -2 -4 -9 -7 
====================
Generation count: 191
Best score: 346
Best weights: 1 7 -2 -4 -9 -7 
====================
Generation count: 192
Best score: 348
Best weights: 1 8 -2 -4 -9 -7 
====================
Generation count: 193
Best score: 354
Best weights: 1 6 -2 -4 -9 -7 
====================
Generation count: 194
Best score: 346
Best weights: 1 8 -2 -4 -9 -3 
====================
Generation count: 195
Best score: 352
Best weights: 1 9 -2 -4 -9 -7 
====================
Generation count: 196
Best score: 347
Best weights: 1 7 -2 -4 -9 -7 
====================
Generation count: 197
Best score: 344
Best weights: 1 8 -2 -4 -9 -7 
====================
Generation count: 198
Best score: 347
Best weights: 1 9 -2 -4 -9 -7 
====================
Generation count: 199
Best score: 355
Best weights: 1 7 -2 -4 -9 -7 
====================
Generation count: 200
Best score: 342
Best weights: 1 8 -2 -4 -9 -7 
====================
Generation count: 201
Best score: 357
Best weights: 1 6 -2 -4 -9 -7 
====================
Generation count: 202
Best score: 352
Best weights: 1 9 -2 -4 -9 -7 
====================
Generation count: 203
Best score: 345
Best weights: 1 6 -2 0 -9 -2 
====================
Generation count: 204
Best score: 339
Best weights: 1 4 -2 -4 -9 -7 
====================
Generation count: 205
Best score: 334
Best weights: 1 8 -2 -7 -9 -7 
====================
Generation count: 206
Best score: 336
Best weights: 1 8 -2 -4 -9 0 
====================
Generation count: 207
Best score: 347
Best weights: 1 7 -2 -4 -9 -4 
====================
Generation count: 208
Best score: 357
Best weights: 1 9 -2 -4 -9 -7 
====================
Generation count: 209
Best score: 333
Best weights: 1 8 -2 -4 -9 -7 
====================
Generation count: 210
Best score: 334
Best weights: 1 1 -2 -4 -9 -4 
====================
Generation count: 211
Best score: 342
Best weights: 1 7 -2 -4 -9 -7 
====================
Generation count: 212
Best score: 350
Best weights: 1 6 -2 -4 -9 -7 
====================
Generation count: 213
Best score: 342
Best weights: 1 9 -2 -4 -9 -7 
====================
Generation count: 214
Best score: 322
Best weights: 1 7 -2 -4 -9 -7 
====================
Generation count: 215
Best score: 328
Best weights: 1 6 -2 -4 -9 -7 
====================
Generation count: 216
Best score: 319
Best weights: 1 6 -2 -4 -9 -7 
====================
Generation count: 217
Best score: 324
Best weights: 1 6 -2 -4 -9 -7 
====================
Generation count: 218
Best score: 332
Best weights: 1 7 -2 -4 -9 -7 
====================
Generation count: 219
Best score: 338
Best weights: 1 8 -2 -4 -9 -7 
====================
Generation count: 220
Best score: 305
Best weights: 1 6 -2 -4 -9 -7 
====================
Generation count: 221
Best score: 344
Best weights: 1 6 -2 -4 -9 -7 
====================
Generation count: 222
Best score: 343
Best weights: 1 7 -2 -4 -9 -7 
====================
Generation count: 223
Best score: 355
Best weights: 1 8 -2 -4 -9 -7 
====================
Generation count: 224
Best score: 348
Best weights: 1 7 -2 -4 -9 -4 
====================
Generation count: 225
Best score: 343
Best weights: 1 8 -2 -4 -9 -7 
====================
Generation count: 226
Best score: 321
Best weights: 1 6 -2 -4 -9 -7 
====================
Generation count: 227
Best score: 333
Best weights: 1 6 -2 -4 -9 -7 
====================
Generation count: 228
Best score: 351
Best weights: 1 -2 -2 -4 -9 -9 
====================
Generation count: 229
Best score: 354
Best weights: 1 6 -2 -4 -9 -7 
====================
Generation count: 230
Best score: 353
Best weights: 1 8 -2 -4 -9 -7 
====================
Generation count: 231
Best score: 327
Best weights: 1 7 -2 -4 -9 -7 
====================
Generation count: 232
Best score: 329
Best weights: 1 -2 -2 -4 -9 -9 
====================
Generation count: 233
Best score: 359
Best weights: 1 7 -2 -4 -9 -9 
====================
Generation count: 234
Best score: 336
Best weights: 1 6 -2 -4 -9 -7 
====================
Generation count: 235
Best score: 346
Best weights: 1 2 -2 -4 -9 -9 
====================
Generation count: 236
Best score: 343
Best weights: 1 8 -2 -4 -9 -9 
====================
Generation count: 237
Best score: 366
Best weights: 1 5 -2 -4 -9 -9 
====================
Generation count: 238
Best score: 349
Best weights: 1 7 -2 -4 -9 -9 
====================
Generation count: 239
Best score: 367
Best weights: 1 8 -2 -4 -9 -9 
====================
Generation count: 240
Best score: 361
Best weights: 1 9 -2 -4 -9 -9 
====================
Generation count: 241
Best score: 346
Best weights: 1 8 -2 -4 -9 -9 
====================
Generation count: 242
Best score: 358
Best weights: 1 9 -2 -4 -9 -9 
====================
Generation count: 243
Best score: 348
Best weights: 1 7 -2 -4 -9 -7 
====================
Generation count: 244
Best score: 355
Best weights: 1 6 -2 -4 -9 -7 
====================
Generation count: 245
Best score: 356
Best weights: 1 2 -2 -4 -9 -9 
====================
Generation count: 246
Best score: 329
Best weights: 1 5 -2 -4 -9 -9 
====================
Generation count: 247
Best score: 318
Best weights: 1 6 -2 -4 -9 -7 
====================
Generation count: 248
Best score: 330
Best weights: 1 9 -2 -4 -9 -6 
====================
Generation count: 249
Best score: 332
Best weights: 1 6 -2 -4 -9 -7 
====================
Generation count: 250
Best score: 346
Best weights: 1 7 -2 -4 -9 -9 
====================
Generation count: 251
Best score: 330
Best weights: 1 7 -2 -4 -9 -9 
====================
Generation count: 252
Best score: 328
Best weights: 1 6 -2 -4 -9 -7 
====================
Generation count: 253
Best score: 331
Best weights: 1 8 -2 -4 -9 -9 
====================
Generation count: 254
Best score: 333
Best weights: 1 4 -2 -4 -9 -9 
====================
Generation count: 255
Best score: 328
Best weights: 1 9 -2 -4 -9 -6 
====================
Generation count: 256
Best score: 333
Best weights: 1 9 -2 -4 -9 -7 
====================
Generation count: 257
Best score: 322
Best weights: 1 2 -2 -4 -9 -9 
====================
Generation count: 258
Best score: 319
Best weights: 1 7 -2 -4 -9 -7 
====================
Generation count: 259
Best score: 300
Best weights: 1 9 -2 -4 -9 -9 
====================
Generation count: 260
Best score: 311
Best weights: 1 9 -2 -4 -9 -6 
====================
Generation count: 261
Best score: 309
Best weights: 1 7 -2 -4 -9 -7 
====================
Generation count: 262
Best score: 298
Best weights: 1 9 -2 -4 -9 -7 
====================
Generation count: 263
Best score: 332
Best weights: 1 9 -2 -4 -9 -6 
====================
Generation count: 264
Best score: 313
Best weights: 1 2 -2 -4 -9 -9 
====================
Generation count: 265
Best score: 327
Best weights: 1 7 -2 -4 -9 -9 
====================
Generation count: 266
Best score: 345
Best weights: 1 2 -2 -4 -9 -9 
====================
Generation count: 267
Best score: 318
Best weights: 1 7 -2 -4 -9 -8 
====================
Generation count: 268
Best score: 326
Best weights: 1 7 -2 -4 -9 -9 
====================
Generation count: 269
Best score: 324
Best weights: 1 8 -2 -4 -9 -8 
====================
Generation count: 270
Best score: 329
Best weights: 1 9 -2 -4 -9 -6 
====================
Generation count: 271
Best score: 328
Best weights: 1 0 -2 -4 -9 -9 
====================
Generation count: 272
Best score: 316
Best weights: 1 9 -2 -4 -9 -6 
====================
Generation count: 273
Best score: 316
Best weights: 1 9 -2 -4 -9 -6 
====================
Generation count: 274
Best score: 328
Best weights: 1 8 -2 -4 -9 -7 
====================
Generation count: 275
Best score: 318
Best weights: 1 7 -2 -4 -9 -7 
====================
Generation count: 276
Best score: 314
Best weights: 1 9 -2 -4 -9 -9 
====================
Generation count: 277
Best score: 318
Best weights: 1 8 -2 -4 -9 -7 
====================
Generation count: 278
Best score: 324
Best weights: 1 9 -2 -4 -9 -6 
====================
Generation count: 279
Best score: 335
Best weights: 1 9 -2 -4 -9 -9 
====================
Generation count: 280
Best score: 341
Best weights: 1 5 -2 -4 -9 -9 
====================
Generation count: 281
Best score: 326
Best weights: 1 9 -2 -4 -9 -6 
====================
Generation count: 282
Best score: 344
Best weights: 1 9 -2 -5 -9 -6 
====================
Generation count: 283
Best score: 318
Best weights: 1 9 -2 -5 -9 -7 
====================
Generation count: 284
Best score: 341
Best weights: 1 9 -2 -4 -9 -9 
====================
Generation count: 285
Best score: 345
Best weights: 1 9 -2 -4 -9 -7 
====================
Generation count: 286
Best score: 342
Best weights: 1 5 -2 -4 -9 -9 
====================
Generation count: 287
Best score: 347
Best weights: 1 6 -2 -4 -9 -8 
====================
Generation count: 288
Best score: 329
Best weights: 1 9 -2 -4 -9 -9 
====================
Generation count: 289
Best score: 322
Best weights: 1 9 -2 -5 -9 -7 
====================
Generation count: 290
Best score: 330
Best weights: 1 9 -2 -4 -9 -9 
====================
Generation count: 291
Best score: 346
Best weights: 1 6 -2 -4 -9 -8 
====================
Generation count: 292
Best score: 344
Best weights: 1 0 -2 -4 -9 -9 
====================
Generation count: 293
Best score: 350
Best weights: 1 6 -2 -4 -9 -9 
====================
Generation count: 294
Best score: 330
Best weights: 1 9 -2 -4 -9 -9 
====================
Generation count: 295
Best score: 322
Best weights: 1 -3 -2 -5 -9 -6 
====================
Generation count: 296
Best score: 310
Best weights: 1 9 -2 -5 -9 -9 
====================
Generation count: 297
Best score: 301
Best weights: 1 9 -2 -5 -9 -9 
====================
Generation count: 298
Best score: 302
Best weights: 1 9 -2 -5 -9 -9 
====================
Generation count: 299
Best score: 330
Best weights: 1 9 -2 -5 -9 -9 
====================
Generation count: 300
Best score: 312
Best weights: 1 9 -2 -4 -9 -9 
====================
Generation count: 301
Best score: 352
Best weights: 1 9 -2 -4 -9 -6 
====================
Generation count: 302
Best score: 362
Best weights: 1 0 -2 -4 -9 -9 
====================
Generation count: 303
Best score: 350
Best weights: 1 9 -2 -4 -9 -9 
====================
Generation count: 304
Best score: 358
Best weights: 1 9 -2 -4 -9 -6 
====================
Generation count: 305
Best score: 367
Best weights: 1 0 -2 -4 -9 -9 
====================
Generation count: 306
Best score: 354
Best weights: 1 9 -2 -4 -9 -9 
====================
Generation count: 307
Best score: 370
Best weights: 1 9 -2 -4 -9 -6 
====================
Generation count: 308
Best score: 386
Best weights: 1 6 -2 -4 -9 -9 
====================
Generation count: 309
Best score: 374
Best weights: 1 9 -2 -4 -9 -9 
====================
Generation count: 310
Best score: 370
Best weights: 1 7 -2 -4 -9 -9 
====================
Generation count: 311
Best score: 368
Best weights: 1 9 -2 -4 -9 -6 
====================
Generation count: 312
Best score: 339
Best weights: 1 6 -2 -4 -9 -9 
====================
Generation count: 313
Best score: 347
Best weights: 1 9 -2 -5 -9 -9 
====================
Generation count: 314
Best score: 340
Best weights: 1 9 -2 -4 -9 -9 
====================
Generation count: 315
Best score: 346
Best weights: 1 7 -2 -4 -9 -9 
====================
Generation count: 316
Best score: 348
Best weights: 1 4 -2 -4 -9 -9 
====================
Generation count: 317
Best score: 324
Best weights: 1 9 -2 -4 -9 -6 
====================
Generation count: 318
Best score: 325
Best weights: 1 6 -2 -4 -9 -9 
====================
Generation count: 319
Best score: 320
Best weights: 1 8 -2 -4 -9 -9 
====================
Generation count: 320
Best score: 315
Best weights: 1 9 -2 -4 -9 -9 
====================
Generation count: 321
Best score: 325
Best weights: 1 7 -2 -4 -9 -9 
====================
Generation count: 322
Best score: 324
Best weights: 1 4 -2 -4 -9 -9 
====================
Generation count: 323
Best score: 314
Best weights: 1 8 -2 -4 -9 -9 
====================
Generation count: 324
Best score: 330
Best weights: 1 9 -2 -4 -9 -9 
====================
Generation count: 325
Best score: 330
Best weights: 1 8 -2 -4 -9 -9 
====================
Generation count: 326
Best score: 352
Best weights: 1 2 -2 -4 -9 -9 
====================
Generation count: 327
Best score: 349
Best weights: 1 6 -2 -4 -9 -9 
====================
Generation count: 328
Best score: 337
Best weights: 1 9 -2 -4 -9 -6 
====================
Generation count: 329
Best score: 348
Best weights: 1 7 -2 -4 -9 -9 
====================
Generation count: 330
Best score: 339
Best weights: 1 7 -2 -5 -9 -9 
====================
Generation count: 331
Best score: 343
Best weights: 1 4 -2 -4 -9 -9 
====================
Generation count: 332
Best score: 354
Best weights: 1 9 -2 -4 -9 -9 
====================
Generation count: 333
Best score: 348
Best weights: 1 8 -2 -4 -9 -9 
====================
Generation count: 334
Best score: 354
Best weights: 1 4 -2 -4 -9 -9 
====================
Generation count: 335
Best score: 362
Best weights: 1 7 -2 -4 -9 -9 
====================
Generation count: 336
Best score: 358
Best weights: 1 9 -2 -4 -9 -6 
====================
Generation count: 337
Best score: 364
Best weights: 1 0 -2 -4 -9 -9 
====================
Generation count: 338
Best score: 380
Best weights: 1 9 -2 -4 -9 -9 
====================
Generation count: 339
Best score: 383
Best weights: 1 8 -2 -4 -9 -9 
====================
Generation count: 340
Best score: 368
Best weights: 1 9 -2 -5 -9 -9 
====================
Generation count: 341
Best score: 359
Best weights: 1 8 -2 -4 -9 -9 
====================
Generation count: 342
Best score: 349
Best weights: 1 9 -2 -4 -9 -9 
====================
Generation count: 343
Best score: 350
Best weights: 1 6 -2 -4 -9 -9 
====================
Generation count: 344
Best score: 352
Best weights: 1 9 -2 -5 -9 -9 
====================
Generation count: 345
Best score: 330
Best weights: 1 9 -2 -5 -9 -9 
====================
Generation count: 346
Best score: 332
Best weights: 1 6 -2 -4 -9 -9 
====================
Generation count: 347
Best score: 328
Best weights: 1 9 -2 -4 -9 -9 
====================
Generation count: 348
Best score: 325
Best weights: 1 8 -2 -4 -9 -9 
====================
Generation count: 349
Best score: 332
Best weights: 1 0 -2 -4 -9 -9 
====================
Generation count: 350
Best score: 338
Best weights: 1 9 -2 -4 -9 -6 
====================
Generation count: 351
Best score: 321
Best weights: 1 7 -2 -4 -9 -9 
====================
Generation count: 352
Best score: 338
Best weights: 1 4 -2 -4 -9 -9 
====================
Generation count: 353
Best score: 334
Best weights: 1 7 -2 -4 -9 -9 
====================
Generation count: 354
Best score: 340
Best weights: 1 4 -2 -4 -9 -9 
====================
Generation count: 355
Best score: 342
Best weights: 1 9 -2 -4 -9 -6 
====================
Generation count: 356
Best score: 352
Best weights: 1 6 -2 -4 -9 -6 
====================
Generation count: 357
Best score: 349
Best weights: 1 0 -2 -4 -9 -9 
====================
Generation count: 358
Best score: 348
Best weights: 1 9 -2 -4 -9 -6 
====================
Generation count: 359
Best score: 342
Best weights: 1 0 -2 -4 -9 -9 
====================
Generation count: 360
Best score: 352
Best weights: 1 9 -2 -4 -9 -9 
====================
Generation count: 361
Best score: 359
Best weights: 1 1 -2 -4 -9 -9 
====================
Generation count: 362
Best score: 344
Best weights: 1 8 -2 -4 -9 -9 
====================
Generation count: 363
Best score: 358
Best weights: 1 8 -2 -4 -9 -9 
====================
Generation count: 364
Best score: 342
Best weights: 1 7 -2 -4 -9 -9 
====================
Generation count: 365
Best score: 363
Best weights: 1 6 -2 -4 -9 -9 
====================
Generation count: 366
Best score: 349
Best weights: 1 2 -2 -4 -9 -9 
====================
Generation count: 367
Best score: 375
Best weights: 1 4 -2 -4 -9 -9 
====================
Generation count: 368
Best score: 363
Best weights: 1 0 -2 -4 -9 -9 
====================
Generation count: 369
Best score: 330
Best weights: 1 1 -2 -4 -9 -9 
====================
Generation count: 370
Best score: 334
Best weights: 1 8 -2 -4 -9 -9 
====================
Generation count: 371
Best score: 355
Best weights: 1 9 -2 -4 -9 -6 
====================
Generation count: 372
Best score: 346
Best weights: 1 9 -2 -4 -9 -9 
====================
Generation count: 373
Best score: 327
Best weights: 1 8 -2 -4 -9 -9 
====================
Generation count: 374
Best score: 330
Best weights: 1 7 -2 -4 -9 -9 
====================
Generation count: 375
Best score: 308
Best weights: 1 6 -2 -4 -9 -9 
====================
Generation count: 376
Best score: 304
Best weights: 1 2 -2 -4 -9 -9 
====================
Generation count: 377
Best score: 302
Best weights: 1 4 -2 -4 -9 -9 
====================
Generation count: 378
Best score: 311
Best weights: 1 0 -2 -4 -9 -9 
====================
Generation count: 379
Best score: 316
Best weights: 1 3 -2 -4 -9 -9 
====================
Generation count: 380
Best score: 310
Best weights: 1 1 -2 -4 -9 -9 
====================
Generation count: 381
Best score: 312
Best weights: 1 9 -2 -4 -9 -6 
====================
Generation count: 382
Best score: 316
Best weights: 1 9 -2 -4 -9 -9 
====================
Generation count: 383
Best score: 308
Best weights: 1 8 -2 -4 -9 -9 
====================
Generation count: 384
Best score: 324
Best weights: 1 9 -2 -4 -9 -9 
====================
Generation count: 385
Best score: 324
Best weights: 1 9 -2 -4 -9 -6 
====================
Generation count: 386
Best score: 328
Best weights: 1 0 -2 -4 -9 -9 
====================
Generation count: 387
Best score: 320
Best weights: 1 9 -2 -4 -9 -6 
====================
Generation count: 388
Best score: 322
Best weights: 1 2 -2 -4 -9 -9 
====================
Generation count: 389
Best score: 326
Best weights: 1 9 -2 -4 -9 -9 
====================
Generation count: 390
Best score: 332
Best weights: 1 6 -2 -4 -9 -9 
====================
Generation count: 391
Best score: 332
Best weights: 1 4 -2 -4 -9 -9 
====================
Generation count: 392
Best score: 332
Best weights: 1 3 -2 -4 -9 -9 
====================
Generation count: 393
Best score: 348
Best weights: 1 1 -2 -4 -9 -9 
====================
Generation count: 394
Best score: 346
Best weights: 1 4 -2 -4 -9 -7 
====================
Generation count: 395
Best score: 347
Best weights: 1 4 -2 -4 -9 -7 
====================
Generation count: 396
Best score: 344
Best weights: 1 1 -2 -8 -9 -9 
====================
Generation count: 397
Best score: 344
Best weights: 1 0 -2 -4 -9 -9 
====================
Generation count: 398
Best score: 342
Best weights: 1 -5 -2 -4 -9 -7 
====================
Generation count: 399
Best score: 308
Best weights: 1 0 -2 -4 -9 -9 
====================
Generation count: 400
Best score: 292
Best weights: 1 3 -2 -4 -9 -8 
====================
Generation count: 401
Best score: 306
Best weights: 1 9 -2 -4 -9 -7 
====================
Generation count: 402
Best score: 311
Best weights: 1 9 -2 -4 -9 -9 
====================
Generation count: 403
Best score: 316
Best weights: 1 9 -2 -4 -9 -9 
====================
Generation count: 404
Best score: 303
Best weights: 1 9 -2 -4 -9 -7 
====================
Generation count: 405
Best score: 294
Best weights: 1 4 -2 -4 -9 -9 
====================
Generation count: 406
Best score: 302
Best weights: 1 5 -2 -4 -9 -8 
====================
Generation count: 407
Best score: 307
Best weights: 1 0 -2 -7 -9 -9 
====================
Generation count: 408
Best score: 310
Best weights: 1 6 -2 -4 -9 -7 
====================
Generation count: 409
Best score: 316
Best weights: 1 3 -2 -4 -9 -9 
====================
Generation count: 410
Best score: 320
Best weights: 1 9 -2 -4 -9 -9 
====================
Generation count: 411
Best score: 328
Best weights: 1 9 -2 -4 -9 -9 
====================
Generation count: 412
Best score: 328
Best weights: 1 4 -2 -4 -9 -8 
====================
Generation count: 413
Best score: 322
Best weights: 1 6 -2 -4 -9 -9 
====================
Generation count: 414
Best score: 299
Best weights: 1 7 -2 -4 -9 -9 
====================
Generation count: 415
Best score: 298
Best weights: 1 9 -2 -4 -9 -9 
====================
Generation count: 416
Best score: 314
Best weights: 1 7 -2 -4 -9 -7 
====================
Generation count: 417
Best score: 316
Best weights: 1 4 -2 -4 -9 -9 
====================
Generation count: 418
Best score: 320
Best weights: 1 7 -2 -4 -9 -8 
====================
Generation count: 419
Best score: 322
Best weights: 1 6 -2 -4 -9 -8 
====================
Generation count: 420
Best score: 338
Best weights: 1 7 -2 -4 -9 -8 
====================
Generation count: 421
Best score: 326
Best weights: 1 1 -2 -4 -9 -9 
====================
Generation count: 422
Best score: 340
Best weights: 1 3 -2 -4 -9 -9 
====================
Generation count: 423
Best score: 339
Best weights: 1 4 -2 -4 -9 -8 
====================
Generation count: 424
Best score: 360
Best weights: 1 5 -2 -4 -9 -8 
====================
Generation count: 425
Best score: 353
Best weights: 1 0 -2 -4 -9 -9 
====================
Generation count: 426
Best score: 326
Best weights: 1 7 -2 -4 -9 -7 
====================
Generation count: 427
Best score: 334
Best weights: 1 4 -2 -4 -9 -9 
====================
Generation count: 428
Best score: 342
Best weights: 1 -1 -2 -4 -9 -8 
====================
Generation count: 429
Best score: 338
Best weights: 1 7 -2 -4 -9 -8 
====================
Generation count: 430
Best score: 354
Best weights: 1 6 -2 -4 -9 -9 
====================
Generation count: 431
Best score: 336
Best weights: 1 7 -2 -4 -9 -7 
====================
Generation count: 432
Best score: 334
Best weights: 1 1 -2 -4 -9 -9 
====================
Generation count: 433
Best score: 306
Best weights: 1 7 -2 -4 -9 -9 
====================
Generation count: 434
Best score: 298
Best weights: 1 3 -2 -4 -9 -9 
====================
Generation count: 435
Best score: 290
Best weights: 1 3 -2 -4 -9 -8 
====================
Generation count: 436
Best score: 291
Best weights: 1 0 -2 -4 -9 -9 
====================
Generation count: 437
Best score: 306
Best weights: 1 7 -2 -4 -9 -8 
====================
Generation count: 438
Best score: 313
Best weights: 1 6 -2 -4 -9 -9 
====================
Generation count: 439
Best score: 322
Best weights: 1 7 -2 -4 -9 -7 
====================
Generation count: 440
Best score: 312
Best weights: 1 1 -2 -4 -9 -9 
====================
Generation count: 441
Best score: 272
Best weights: 1 7 -2 -4 -9 -9 
====================
Generation count: 442
Best score: 300
Best weights: 1 3 -2 -4 -9 -9 
====================
Generation count: 443
Best score: 296
Best weights: 1 0 -2 -4 -9 -7 
====================
Generation count: 444
Best score: 278
Best weights: 1 -3 -2 -4 -9 -9 
====================
Generation count: 445
Best score: 294
Best weights: 1 3 -2 -4 -9 -7 
====================
Generation count: 446
Best score: 318
Best weights: 1 0 -2 -4 -9 -8 
====================
Generation count: 447
Best score: 317
Best weights: 1 8 -2 -4 -9 -8 
====================
Generation count: 448
Best score: 324
Best weights: 1 5 -2 -4 -9 -9 
====================
Generation count: 449
Best score: 320
Best weights: 1 5 -2 -4 -9 -9 
====================
Generation count: 450
Best score: 327
Best weights: 1 6 -2 -4 -9 -9 
====================
Generation count: 451
Best score: 329
Best weights: 1 3 -2 -4 -9 -8 
====================
Generation count: 452
Best score: 321
Best weights: 1 8 -2 -4 -9 -8 
====================
Generation count: 453
Best score: 323
Best weights: 1 7 -2 0 -9 -9 
====================
Generation count: 454
Best score: 339
Best weights: 1 -3 -2 -4 -9 -9 
====================
Generation count: 455
Best score: 368
Best weights: 1 -8 -2 -4 -9 -9 
====================
Generation count: 456
Best score: 356
Best weights: 1 -9 -2 -4 -9 -9 
====================
Generation count: 457
Best score: 350
Best weights: -1 6 -2 -1 -9 -4 
====================
Generation count: 458
Best score: 308
Best weights: 1 -9 -2 -4 -9 -9 
====================
Generation count: 459
Best score: 325
Best weights: 1 0 -2 -4 -9 -8 
====================
Generation count: 460
Best score: 308
Best weights: 1 3 -2 -4 -9 -8 
====================
Generation count: 461
Best score: 322
Best weights: 1 6 -2 -4 -9 -8 
====================
Generation count: 462
Best score: 326
Best weights: 1 8 -2 -4 -9 -8 
====================
Generation count: 463
Best score: 323
Best weights: 1 8 -2 -4 -9 0 
====================
Generation count: 464
Best score: 315
Best weights: 1 8 -2 -8 -9 -5 
====================
Generation count: 465
Best score: 298
Best weights: 1 3 -2 -7 -9 -8 
====================
Generation count: 466
Best score: 309
Best weights: 1 6 -2 -4 -9 -7 
====================
Generation count: 467
Best score: 326
Best weights: 1 3 -2 -4 -9 -7 
====================
Generation count: 468
Best score: 316
Best weights: 1 5 -2 -4 -9 -7 
====================
Generation count: 469
Best score: 313
Best weights: 1 -7 -2 -4 -9 -8 
====================
Generation count: 470
Best score: 322
Best weights: 1 6 -2 -4 -9 -5 
====================
Generation count: 471
Best score: 325
Best weights: 1 6 -2 -4 -9 -7 
====================
Generation count: 472
Best score: 327
Best weights: 1 3 -2 -4 -9 -4 
====================
Generation count: 473
Best score: 336
Best weights: 1 6 -2 -4 -9 0 
====================
Generation count: 474
Best score: 324
Best weights: 1 8 -2 -4 -9 -7 
====================
Generation count: 475
Best score: 357
Best weights: 1 6 -2 -4 -9 0 
====================
Generation count: 476
Best score: 356
Best weights: 1 8 -2 -4 -9 -8 
====================
Generation count: 477
Best score: 346
Best weights: 1 6 -2 -4 -9 -8 
====================
Generation count: 478
Best score: 332
Best weights: 1 3 -2 -4 -9 -8 
====================
Generation count: 479
Best score: 322
Best weights: 1 -6 -2 -4 -9 -9 
====================
Generation count: 480
Best score: 318
Best weights: 1 5 -2 -4 -9 -7 
====================
Generation count: 481
Best score: 317
Best weights: 1 3 -2 -4 -9 -8 
====================
Generation count: 482
Best score: 325
Best weights: 1 6 -2 -4 -9 -8 
====================
Generation count: 483
Best score: 310
Best weights: 1 3 -2 -4 -9 -9 
====================
Generation count: 484
Best score: 314
Best weights: 1 3 -2 -4 -9 -8 
====================
Generation count: 485
Best score: 314
Best weights: 1 3 -2 -4 -9 -8 
====================
Generation count: 486
Best score: 320
Best weights: 1 3 -2 -4 -9 -9 
====================
Generation count: 487
Best score: 324
Best weights: 1 4 -2 -4 -9 -9 
====================
Generation count: 488
Best score: 342
Best weights: 1 3 -2 -4 -9 -8 
====================
Generation count: 489
Best score: 344
Best weights: 1 0 -2 -4 -9 -9 
====================
Generation count: 490
Best score: 330
Best weights: 1 8 -2 -4 -9 -9 
====================
Generation count: 491
Best score: 334
Best weights: 1 5 -2 -4 -9 -8 
====================
Generation count: 492
Best score: 316
Best weights: 1 3 -2 -4 -9 -9 
====================
Generation count: 493
Best score: 320
Best weights: 1 4 -2 -4 -9 -9 
====================
Generation count: 494
Best score: 330
Best weights: 1 3 -2 -4 -9 -8 
====================
Generation count: 495
Best score: 318
Best weights: 1 0 -2 -4 -9 -9 
====================
Generation count: 496
Best score: 304
Best weights: 1 -1 -2 -4 -9 -5 
====================
Generation count: 497
Best score: 304
Best weights: 1 0 -2 -4 -9 -9 
====================
Generation count: 498
Best score: 316
Best weights: 1 6 -2 -4 -9 -9 
====================
Generation count: 499
Best score: 318
Best weights: 1 0 -2 -4 -9 -9 
====================
Generation count: 500
Best score: 326
Best weights: 1 0 -2 -4 -9 -9 
====================
