Simulating 100 generations of 100 individuals, for a total of 1000000 games.
Generation count: 1
Best score: 352
Best weights: 0 -6 -1 -1 -9 5 
====================
Generation count: 2
Best score: 278
Best weights: -9 4 2 -7 -8 -9 
====================
Generation count: 3
Best score: 265
Best weights: 0 -6 -1 -1 -5 -8 
====================
Generation count: 4
Best score: 284
Best weights: 0 -6 -1 -1 -5 -8 
====================
Generation count: 5
Best score: 272
Best weights: -7 2 7 3 -4 -9 
====================
Generation count: 6
Best score: 264
Best weights: -7 2 7 3 -4 -9 
====================
Generation count: 7
Best score: 341
Best weights: 0 -6 -1 -1 -8 -8 
====================
Generation count: 8
Best score: 366
Best weights: -3 4 -1 1 -9 -9 
====================
Generation count: 9
Best score: 364
Best weights: 0 4 -1 0 -9 -4 
====================
Generation count: 10
Best score: 388
Best weights: 0 4 -1 0 -9 -9 
====================
Generation count: 11
Best score: 396
Best weights: 0 6 -1 0 -4 -1 
====================
Generation count: 12
Best score: 371
Best weights: 0 2 -1 0 -4 -7 
====================
Generation count: 13
Best score: 350
Best weights: 0 6 -1 0 -4 -1 
====================
Generation count: 14
Best score: 322
Best weights: 0 -6 -1 -1 -9 -9 
====================
Generation count: 15
Best score: 359
Best weights: 0 8 -1 -1 -9 -9 
====================
Generation count: 16
Best score: 382
Best weights: 0 2 -1 -1 -9 -9 
====================
Generation count: 17
Best score: 355
Best weights: 0 2 -1 -1 -9 -4 
====================
Generation count: 18
Best score: 385
Best weights: 0 -7 -1 -1 -9 -9 
====================
Generation count: 19
Best score: 392
Best weights: 0 -7 -1 -1 -9 -7 
====================
Generation count: 20
Best score: 330
Best weights: 0 2 -1 -1 -8 -4 
====================
Generation count: 21
Best score: 334
Best weights: 0 8 -1 -1 -9 -4 
====================
Generation count: 22
Best score: 360
Best weights: 0 8 -1 -1 -9 -4 
====================
Generation count: 23
Best score: 328
Best weights: 0 4 -1 -1 -9 -9 
====================
Generation count: 24
Best score: 341
Best weights: 0 -7 -1 -1 -8 -7 
====================
Generation count: 25
Best score: 335
Best weights: 0 2 -1 -1 -9 -4 
====================
Generation count: 26
Best score: 345
Best weights: 0 2 -1 -1 -8 -4 
====================
Generation count: 27
Best score: 369
Best weights: 0 2 -1 -1 -9 -4 
====================
Generation count: 28
Best score: 349
Best weights: 0 -7 -1 -1 -8 -7 
====================
Generation count: 29
Best score: 351
Best weights: 0 7 -1 -1 -9 -9 
====================
Generation count: 30
Best score: 335
Best weights: 0 7 -1 -1 -9 -7 
====================
Generation count: 31
Best score: 324
Best weights: 0 2 -1 -1 -8 -4 
====================
Generation count: 32
Best score: 306
Best weights: -3 4 -1 2 -8 -9 
====================
Generation count: 33
Best score: 298
Best weights: -3 4 -1 2 -8 -4 
====================
Generation count: 34
Best score: 310
Best weights: -3 4 -1 2 -8 -4 
====================
Generation count: 35
Best score: 305
Best weights: -3 4 -1 2 -8 -4 
====================
Generation count: 36
Best score: 303
Best weights: -3 4 -1 2 -9 -4 
====================
Generation count: 37
Best score: 320
Best weights: -3 4 -1 2 -9 -4 
====================
Generation count: 38
Best score: 310
Best weights: -3 4 -1 2 -9 -4 
====================
Generation count: 39
Best score: 294
Best weights: 0 9 -1 0 -8 -1 
====================
Generation count: 40
Best score: 313
Best weights: 0 9 -1 -1 -9 -1 
====================
Generation count: 41
Best score: 311
Best weights: 0 2 -1 -1 -9 -4 
====================
Generation count: 42
Best score: 300
Best weights: -3 4 -1 2 -9 -4 
====================
Generation count: 43
Best score: 317
Best weights: -3 4 -1 2 -9 -4 
====================
Generation count: 44
Best score: 312
Best weights: 0 9 -1 -1 -9 -1 
====================
Generation count: 45
Best score: 308
Best weights: 0 2 -1 -1 -9 -4 
====================
Generation count: 46
Best score: 305
Best weights: -3 4 -1 -1 -8 -7 
====================
Generation count: 47
Best score: 300
Best weights: 0 2 -1 -1 -9 -4 
====================
Generation count: 48
Best score: 314
Best weights: 0 -4 -1 0 -8 -4 
====================
Generation count: 49
Best score: 340
Best weights: 0 2 -1 -1 -8 -4 
====================
Generation count: 50
Best score: 346
Best weights: 0 2 -1 -1 -9 -4 
====================
Generation count: 51
Best score: 336
Best weights: 0 9 -1 -1 -9 -1 
====================
Generation count: 52
Best score: 330
Best weights: 0 7 -1 -1 -8 -5 
====================
Generation count: 53
Best score: 364
Best weights: 0 9 -1 -1 -9 -1 
====================
Generation count: 54
Best score: 338
Best weights: 0 -3 -1 -1 -9 -5 
====================
Generation count: 55
Best score: 336
Best weights: 0 9 -1 -1 -9 -1 
====================
Generation count: 56
Best score: 322
Best weights: 0 2 -1 -1 -8 -4 
====================
Generation count: 57
Best score: 339
Best weights: 0 2 -1 -1 -8 -4 
====================
Generation count: 58
Best score: 360
Best weights: 0 -3 -1 -1 -8 -5 
====================
Generation count: 59
Best score: 344
Best weights: 0 9 -1 -1 -9 -1 
====================
Generation count: 60
Best score: 346
Best weights: 0 2 -1 -1 -8 -4 
====================
Generation count: 61
Best score: 332
Best weights: 0 9 -1 -1 -9 -1 
====================
Generation count: 62
Best score: 336
Best weights: 0 2 -1 -1 -8 -4 
====================
Generation count: 63
Best score: 331
Best weights: 0 -3 -1 -1 -8 -5 
====================
Generation count: 64
Best score: 323
Best weights: 0 2 -1 -1 -8 -4 
====================
Generation count: 65
Best score: 311
Best weights: 0 9 -1 -1 -8 -1 
====================
Generation count: 66
Best score: 319
Best weights: 0 4 -1 -1 -9 -4 
====================
Generation count: 67
Best score: 318
Best weights: 0 2 -1 -1 -8 -4 
====================
Generation count: 68
Best score: 343
Best weights: 0 9 -1 -1 -9 -9 
====================
Generation count: 69
Best score: 312
Best weights: 0 2 -1 -1 -9 -4 
====================
Generation count: 70
Best score: 340
Best weights: 0 2 -1 -1 -9 -4 
====================
Generation count: 71
Best score: 340
Best weights: 0 2 -1 -1 -9 -9 
====================
Generation count: 72
Best score: 321
Best weights: 0 8 -1 -1 -9 -2 
====================
Generation count: 73
Best score: 320
Best weights: 0 -3 -1 -1 -8 -5 
====================
Generation count: 74
Best score: 297
Best weights: 0 8 -1 -1 -9 -4 
====================
Generation count: 75
Best score: 311
Best weights: 0 2 -1 -1 -9 -4 
====================
Generation count: 76
Best score: 297
Best weights: 0 8 -1 -1 -9 -2 
====================
Generation count: 77
Best score: 333
Best weights: 0 7 -1 -1 -9 -2 
====================
Generation count: 78
Best score: 312
Best weights: 0 8 -1 -1 -9 -2 
====================
Generation count: 79
Best score: 302
Best weights: 3 1 -8 -4 0 -5 
====================
Generation count: 80
Best score: 319
Best weights: 3 1 -8 -4 0 -5 
====================
Generation count: 81
Best score: 335
Best weights: -7 -1 -1 2 -9 -7 
====================
Generation count: 82
Best score: 355
Best weights: -7 -1 -1 2 -9 -7 
====================
Generation count: 83
Best score: 362
Best weights: -7 -1 -1 2 -9 -7 
====================
Generation count: 84
Best score: 383
Best weights: -7 -1 -1 -1 -9 -7 
====================
Generation count: 85
Best score: 393
Best weights: -7 2 -1 -1 -9 -7 
====================
Generation count: 86
Best score: 387
Best weights: -7 6 -1 -1 -9 -7 
====================
Generation count: 87
Best score: 379
Best weights: -7 7 -1 -1 -9 -9 
====================
Generation count: 88
Best score: 361
Best weights: -7 9 -1 -1 -9 -9 
====================
Generation count: 89
Best score: 345
Best weights: -7 8 -1 -1 -9 -9 
====================
Generation count: 90
Best score: 343
Best weights: -7 8 -1 2 -9 -9 
====================
Generation count: 91
Best score: 324
Best weights: -7 8 -1 -1 -9 -9 
====================
Generation count: 92
Best score: 350
Best weights: -3 7 -1 -1 -7 -9 
====================
Generation count: 93
Best score: 356
Best weights: -3 7 -1 -1 -7 -9 
====================
Generation count: 94
Best score: 362
Best weights: -3 7 -1 -1 -7 -9 
====================
Generation count: 95
Best score: 357
Best weights: -3 7 -1 -1 -7 -9 
====================
Generation count: 96
Best score: 427
Best weights: 0 9 -1 0 -9 -9 
====================
Generation count: 97
Best score: 436
Best weights: 0 9 -1 0 -9 -9 
====================
Generation count: 98
Best score: 450
Best weights: 0 9 -1 0 -9 -7 
====================
Generation count: 99
Best score: 475
Best weights: 0 9 -1 0 -9 -9 
====================
Generation count: 100
Best score: 478
Best weights: 0 8 -1 0 -9 -9 
====================
