Simulating 300 generations of 100 individuals, for a total of 3000000 games.
Generation count: 1
Best score: 494
Best weights: 0 6 1 2 -5 -9 
====================
Generation count: 2
Best score: 473
Best weights: 0 6 1 2 -5 -9 
====================
Generation count: 3
Best score: 405
Best weights: 0 6 1 2 -5 -9 
====================
Generation count: 4
Best score: 357
Best weights: 0 6 5 -2 -5 -9 
====================
Generation count: 5
Best score: 357
Best weights: 1 7 4 6 0 -7 
====================
Generation count: 6
Best score: 371
Best weights: 1 7 8 6 -5 -9 
====================
Generation count: 7
Best score: 331
Best weights: 0 6 6 -2 0 -9 
====================
Generation count: 8
Best score: 345
Best weights: 0 6 5 -2 -2 -7 
====================
Generation count: 9
Best score: 324
Best weights: 0 4 1 -3 0 -9 
====================
Generation count: 10
Best score: 317
Best weights: 0 9 5 -3 -2 -9 
====================
Generation count: 11
Best score: 316
Best weights: 0 9 7 -3 8 -7 
====================
Generation count: 12
Best score: 326
Best weights: 0 9 9 -4 -2 -8 
====================
Generation count: 13
Best score: 340
Best weights: 0 9 7 -3 8 -5 
====================
Generation count: 14
Best score: 316
Best weights: 0 9 6 -2 -2 -7 
====================
Generation count: 15
Best score: 325
Best weights: 0 9 5 -4 8 -7 
====================
Generation count: 16
Best score: 343
Best weights: 0 9 7 -3 8 -7 
====================
Generation count: 17
Best score: 332
Best weights: 0 9 9 -3 -2 -9 
====================
Generation count: 18
Best score: 412
Best weights: 4 5 9 3 8 -3 
====================
Generation count: 19
Best score: 405
Best weights: 4 5 9 3 8 -3 
====================
Generation count: 20
Best score: 408
Best weights: 4 5 9 3 8 -3 
====================
Generation count: 21
Best score: 415
Best weights: 4 5 9 3 8 -3 
====================
Generation count: 22
Best score: 428
Best weights: 4 5 9 3 8 -3 
====================
Generation count: 23
Best score: 403
Best weights: 4 5 9 3 8 -3 
====================
Generation count: 24
Best score: 394
Best weights: 4 5 7 3 6 -7 
====================
Generation count: 25
Best score: 366
Best weights: 4 5 6 3 3 -3 
====================
Generation count: 26
Best score: 361
Best weights: 4 5 9 3 8 -3 
====================
Generation count: 27
Best score: 366
Best weights: 4 5 9 3 8 -3 
====================
Generation count: 28
Best score: 321
Best weights: 4 9 6 3 3 -7 
====================
Generation count: 29
Best score: 315
Best weights: 4 9 9 3 3 -8 
====================
Generation count: 30
Best score: 332
Best weights: 4 9 9 3 3 -8 
====================
Generation count: 31
Best score: 342
Best weights: 9 9 9 -4 0 -5 
====================
Generation count: 32
Best score: 346
Best weights: 0 9 5 -4 5 -7 
====================
Generation count: 33
Best score: 409
Best weights: 0 4 9 -4 0 -7 
====================
Generation count: 34
Best score: 361
Best weights: 0 4 9 -3 3 -8 
====================
Generation count: 35
Best score: 359
Best weights: 0 7 9 -4 3 -7 
====================
Generation count: 36
Best score: 342
Best weights: 5 7 7 -2 -8 -1 
====================
Generation count: 37
Best score: 364
Best weights: 5 7 7 -2 -8 -1 
====================
Generation count: 38
Best score: 338
Best weights: 0 4 7 -4 3 -7 
====================
Generation count: 39
Best score: 395
Best weights: 6 2 8 4 3 3 
====================
Generation count: 40
Best score: 389
Best weights: 6 2 8 4 3 3 
====================
Generation count: 41
Best score: 407
Best weights: 2 8 3 1 -9 -3 
====================
Generation count: 42
Best score: 415
Best weights: 6 2 6 4 0 -7 
====================
Generation count: 43
Best score: 396
Best weights: 6 2 6 4 0 -7 
====================
Generation count: 44
Best score: 387
Best weights: 2 8 3 1 -9 -3 
====================
Generation count: 45
Best score: 384
Best weights: 6 4 8 4 0 -7 
====================
Generation count: 46
Best score: 369
Best weights: 6 2 8 4 0 -8 
====================
Generation count: 47
Best score: 336
Best weights: 5 2 7 4 5 -8 
====================
Generation count: 48
Best score: 394
Best weights: 1 5 8 6 -5 -6 
====================
Generation count: 49
Best score: 485
Best weights: 1 5 8 6 -5 -6 
====================
Generation count: 50
Best score: 410
Best weights: 1 5 8 6 -5 -6 
====================
Generation count: 51
Best score: 359
Best weights: 0 7 8 1 5 -3 
====================
Generation count: 52
Best score: 342
Best weights: 0 9 9 4 5 -3 
====================
Generation count: 53
Best score: 310
Best weights: 0 5 8 6 -8 -7 
====================
Generation count: 54
Best score: 333
Best weights: 0 2 9 4 -9 -7 
====================
Generation count: 55
Best score: 322
Best weights: 0 5 6 3 0 -7 
====================
Generation count: 56
Best score: 325
Best weights: 0 4 9 4 -8 -6 
====================
Generation count: 57
Best score: 350
Best weights: 0 2 6 6 0 -6 
====================
Generation count: 58
Best score: 331
Best weights: 0 5 8 4 5 -8 
====================
Generation count: 59
Best score: 407
Best weights: 0 -2 2 -1 3 -6 
====================
Generation count: 60
Best score: 412
Best weights: 0 -2 2 -1 3 -6 
====================
Generation count: 61
Best score: 402
Best weights: 0 -2 6 -1 3 -6 
====================
Generation count: 62
Best score: 408
Best weights: 0 -2 2 -1 3 -6 
====================
Generation count: 63
Best score: 388
Best weights: 0 -2 2 -1 3 -6 
====================
Generation count: 64
Best score: 379
Best weights: 0 5 6 -1 5 -8 
====================
Generation count: 65
Best score: 366
Best weights: 0 5 9 -1 0 -7 
====================
Generation count: 66
Best score: 375
Best weights: 9 -8 9 3 0 -5 
====================
Generation count: 67
Best score: 422
Best weights: 6 -3 9 4 3 -7 
====================
Generation count: 68
Best score: 429
Best weights: 6 -2 9 4 0 -6 
====================
Generation count: 69
Best score: 413
Best weights: 6 -3 9 4 3 -7 
====================
Generation count: 70
Best score: 424
Best weights: 6 -3 9 4 3 -7 
====================
Generation count: 71
Best score: 434
Best weights: 6 -3 9 4 3 -7 
====================
Generation count: 72
Best score: 406
Best weights: 0 2 9 3 0 -7 
====================
Generation count: 73
Best score: 413
Best weights: 0 -1 8 4 -9 -7 
====================
Generation count: 74
Best score: 402
Best weights: 0 -8 9 3 5 -6 
====================
Generation count: 75
Best score: 380
Best weights: 0 -8 9 3 5 -6 
====================
Generation count: 76
Best score: 364
Best weights: 0 -3 6 3 0 -7 
====================
Generation count: 77
Best score: 375
Best weights: 0 2 6 3 -9 -7 
====================
Generation count: 78
Best score: 355
Best weights: 0 -3 5 4 5 -6 
====================
Generation count: 79
Best score: 328
Best weights: 0 2 6 4 5 -6 
====================
Generation count: 80
Best score: 349
Best weights: 0 -1 8 3 5 -7 
====================
Generation count: 81
Best score: 365
Best weights: 1 9 9 3 8 -7 
====================
Generation count: 82
Best score: 383
Best weights: 1 9 9 3 3 -7 
====================
Generation count: 83
Best score: 394
Best weights: 1 9 9 3 8 -7 
====================
Generation count: 84
Best score: 415
Best weights: 0 2 6 -3 2 -6 
====================
Generation count: 85
Best score: 422
Best weights: 0 2 6 -3 2 -6 
====================
Generation count: 86
Best score: 432
Best weights: 0 2 6 -3 2 -6 
====================
Generation count: 87
Best score: 428
Best weights: 0 2 6 -3 5 -7 
====================
Generation count: 88
Best score: 405
Best weights: 0 2 6 -3 5 -7 
====================
Generation count: 89
Best score: 376
Best weights: 0 9 9 -3 -9 -7 
====================
Generation count: 90
Best score: 377
Best weights: 0 -1 6 -3 5 -6 
====================
Generation count: 91
Best score: 373
Best weights: 0 2 6 -3 -9 -7 
====================
Generation count: 92
Best score: 447
Best weights: 7 6 8 3 4 0 
====================
Generation count: 93
Best score: 407
Best weights: 7 6 8 3 4 0 
====================
Generation count: 94
Best score: 425
Best weights: 7 6 8 3 4 0 
====================
Generation count: 95
Best score: 432
Best weights: 7 6 8 3 4 0 
====================
Generation count: 96
Best score: 419
Best weights: 7 9 8 3 -9 0 
====================
Generation count: 97
Best score: 409
Best weights: 7 9 8 3 -9 -7 
====================
Generation count: 98
Best score: 417
Best weights: 7 9 8 3 -9 0 
====================
Generation count: 99
Best score: 381
Best weights: 7 0 8 3 -9 -7 
====================
Generation count: 100
Best score: 357
Best weights: 7 9 8 3 -9 -7 
====================
Generation count: 101
Best score: 338
Best weights: 7 9 8 -3 -9 -7 
====================
Generation count: 102
Best score: 400
Best weights: 0 -1 9 5 -1 -7 
====================
Generation count: 103
Best score: 380
Best weights: 0 2 6 3 0 -7 
====================
Generation count: 104
Best score: 409
Best weights: 0 9 8 -3 -9 -7 
====================
Generation count: 105
Best score: 406
Best weights: 0 9 8 -3 -9 -7 
====================
Generation count: 106
Best score: 398
Best weights: 0 9 9 -3 -9 -7 
====================
Generation count: 107
Best score: 403
Best weights: 0 9 9 -3 -9 -7 
====================
Generation count: 108
Best score: 382
Best weights: 0 2 9 -3 -9 -8 
====================
Generation count: 109
Best score: 374
Best weights: 0 9 8 -4 2 -8 
====================
Generation count: 110
Best score: 346
Best weights: 0 2 6 -1 4 -6 
====================
Generation count: 111
Best score: 359
Best weights: 0 9 9 -3 0 -7 
====================
Generation count: 112
Best score: 409
Best weights: 8 -8 7 7 -9 -7 
====================
Generation count: 113
Best score: 424
Best weights: 8 -8 7 7 -9 -7 
====================
Generation count: 114
Best score: 398
Best weights: 4 7 9 2 9 0 
====================
Generation count: 115
Best score: 369
Best weights: 8 7 9 -3 -9 -8 
====================
Generation count: 116
Best score: 399
Best weights: 8 0 9 -3 -9 -8 
====================
Generation count: 117
Best score: 392
Best weights: 8 7 9 -3 -9 -8 
====================
Generation count: 118
Best score: 382
Best weights: 8 0 9 -3 -9 -8 
====================
Generation count: 119
Best score: 360
Best weights: 0 -8 9 -3 9 -8 
====================
Generation count: 120
Best score: 358
Best weights: 0 0 8 -3 -9 -6 
====================
Generation count: 121
Best score: 366
Best weights: 3 9 7 2 0 -8 
====================
Generation count: 122
Best score: 407
Best weights: 3 6 9 2 4 -8 
====================
Generation count: 123
Best score: 415
Best weights: 3 9 7 2 0 -8 
====================
Generation count: 124
Best score: 393
Best weights: 3 9 9 2 4 -8 
====================
Generation count: 125
Best score: 379
Best weights: 3 6 9 2 4 -8 
====================
Generation count: 126
Best score: 384
Best weights: 3 9 7 2 0 -8 
====================
Generation count: 127
Best score: 382
Best weights: 3 6 8 2 9 -8 
====================
Generation count: 128
Best score: 357
Best weights: 3 6 8 2 9 -8 
====================
Generation count: 129
Best score: 334
Best weights: 3 9 7 2 4 -8 
====================
Generation count: 130
Best score: 328
Best weights: 3 7 7 7 4 -4 
====================
Generation count: 131
Best score: 402
Best weights: 0 0 7 2 9 -8 
====================
Generation count: 132
Best score: 373
Best weights: 3 0 7 7 4 -9 
====================
Generation count: 133
Best score: 360
Best weights: 3 0 8 7 4 -9 
====================
Generation count: 134
Best score: 340
Best weights: 3 0 9 7 4 -9 
====================
Generation count: 135
Best score: 350
Best weights: 3 0 7 7 4 -9 
====================
Generation count: 136
Best score: 351
Best weights: 0 7 8 2 -4 -8 
====================
Generation count: 137
Best score: 419
Best weights: 0 0 9 -3 4 -9 
====================
Generation count: 138
Best score: 395
Best weights: 0 0 9 -3 4 -9 
====================
Generation count: 139
Best score: 422
Best weights: 0 0 9 -3 4 -9 
====================
Generation count: 140
Best score: 410
Best weights: 0 7 6 -3 0 -6 
====================
Generation count: 141
Best score: 403
Best weights: 0 7 6 -3 0 -8 
====================
Generation count: 142
Best score: 390
Best weights: 0 0 9 -3 0 -9 
====================
Generation count: 143
Best score: 360
Best weights: 0 0 7 -3 0 -9 
====================
Generation count: 144
Best score: 354
Best weights: 0 9 -1 -3 -9 -9 
====================
Generation count: 145
Best score: 416
Best weights: 6 7 8 3 -8 3 
====================
Generation count: 146
Best score: 403
Best weights: 6 7 8 3 -8 3 
====================
Generation count: 147
Best score: 416
Best weights: 6 7 8 3 -8 3 
====================
Generation count: 148
Best score: 410
Best weights: 6 7 8 3 -8 -9 
====================
Generation count: 149
Best score: 414
Best weights: 6 0 6 3 -8 -7 
====================
Generation count: 150
Best score: 414
Best weights: 5 8 8 2 -8 -9 
====================
Generation count: 151
Best score: 381
Best weights: 6 7 8 3 -8 -9 
====================
Generation count: 152
Best score: 352
Best weights: 9 7 6 8 -4 -7 
====================
Generation count: 153
Best score: 360
Best weights: 9 7 6 8 -4 -7 
====================
Generation count: 154
Best score: 370
Best weights: 9 7 6 8 -4 -7 
====================
Generation count: 155
Best score: 382
Best weights: 0 7 7 3 -8 -9 
====================
Generation count: 156
Best score: 362
Best weights: 0 0 6 3 9 -9 
====================
Generation count: 157
Best score: 344
Best weights: 2 7 7 8 -9 -7 
====================
Generation count: 158
Best score: 354
Best weights: 2 7 8 5 9 -9 
====================
Generation count: 159
Best score: 349
Best weights: 0 0 8 3 -8 -7 
====================
Generation count: 160
Best score: 342
Best weights: 0 8 2 2 -9 -9 
====================
Generation count: 161
Best score: 339
Best weights: 0 7 7 2 9 -7 
====================
Generation count: 162
Best score: 341
Best weights: 0 9 7 2 -9 -9 
====================
Generation count: 163
Best score: 347
Best weights: 0 0 6 2 -8 -9 
====================
Generation count: 164
Best score: 361
Best weights: 0 7 2 3 -9 -9 
====================
Generation count: 165
Best score: 352
Best weights: 0 0 7 3 -4 -6 
====================
Generation count: 166
Best score: 408
Best weights: -1 -8 7 -2 -2 -8 
====================
Generation count: 167
Best score: 414
Best weights: -1 -8 7 -2 -2 -8 
====================
Generation count: 168
Best score: 420
Best weights: -1 -8 7 -2 -2 -8 
====================
Generation count: 169
Best score: 423
Best weights: -1 -8 7 -2 -2 -8 
====================
Generation count: 170
Best score: 407
Best weights: 0 -8 7 -2 -8 -7 
====================
Generation count: 171
Best score: 402
Best weights: 0 -8 2 -2 -8 -7 
====================
Generation count: 172
Best score: 387
Best weights: 0 8 8 -2 -8 -7 
====================
Generation count: 173
Best score: 361
Best weights: 0 0 9 -2 -8 -9 
====================
Generation count: 174
Best score: 346
Best weights: 0 8 8 -2 -9 -7 
====================
Generation count: 175
Best score: 349
Best weights: 0 8 9 -2 -8 -9 
====================
Generation count: 176
Best score: 342
Best weights: 0 -8 2 -2 -8 -7 
====================
Generation count: 177
Best score: 333
Best weights: 0 -8 9 -2 -2 -9 
====================
Generation count: 178
Best score: 337
Best weights: 0 8 8 -2 8 -7 
====================
Generation count: 179
Best score: 409
Best weights: 2 8 6 1 0 0 
====================
Generation count: 180
Best score: 406
Best weights: 2 3 6 1 4 -2 
====================
Generation count: 181
Best score: 411
Best weights: 2 8 6 1 0 0 
====================
Generation count: 182
Best score: 392
Best weights: 2 0 6 1 -2 -8 
====================
Generation count: 183
Best score: 382
Best weights: 2 0 6 1 -2 -8 
====================
Generation count: 184
Best score: 385
Best weights: 2 7 9 1 -2 -8 
====================
Generation count: 185
Best score: 377
Best weights: 2 7 9 1 -2 -8 
====================
Generation count: 186
Best score: 349
Best weights: 2 8 9 1 -8 -8 
====================
Generation count: 187
Best score: 341
Best weights: 2 7 6 1 4 -2 
====================
Generation count: 188
Best score: 339
Best weights: 2 9 2 1 -2 -9 
====================
Generation count: 189
Best score: 391
Best weights: 0 7 6 1 0 0 
====================
Generation count: 190
Best score: 374
Best weights: 0 3 2 1 -8 -7 
====================
Generation count: 191
Best score: 362
Best weights: 0 9 8 -3 -2 -6 
====================
Generation count: 192
Best score: 414
Best weights: 0 -1 6 -1 4 -9 
====================
Generation count: 193
Best score: 417
Best weights: 0 9 8 -3 -2 -6 
====================
Generation count: 194
Best score: 390
Best weights: 0 1 6 -1 -4 -6 
====================
Generation count: 195
Best score: 384
Best weights: 0 7 6 -1 -8 -6 
====================
Generation count: 196
Best score: 357
Best weights: 0 6 9 -3 -8 -9 
====================
Generation count: 197
Best score: 343
Best weights: 0 9 6 -1 4 -6 
====================
Generation count: 198
Best score: 424
Best weights: 7 7 8 6 -8 -5 
====================
Generation count: 199
Best score: 438
Best weights: 7 7 8 6 -8 -5 
====================
Generation count: 200
Best score: 420
Best weights: 7 7 8 6 -8 -5 
====================
Generation count: 201
Best score: 397
Best weights: 7 7 6 6 -8 -6 
====================
Generation count: 202
Best score: 412
Best weights: 7 8 6 6 -8 -8 
====================
Generation count: 203
Best score: 382
Best weights: 7 8 9 -3 -8 -5 
====================
Generation count: 204
Best score: 384
Best weights: 7 8 9 -3 -9 -8 
====================
Generation count: 205
Best score: 401
Best weights: 7 8 9 -3 -9 -8 
====================
Generation count: 206
Best score: 436
Best weights: 7 4 8 -3 -8 -9 
====================
Generation count: 207
Best score: 396
Best weights: 0 -2 0 3 -8 -9 
====================
Generation count: 208
Best score: 394
Best weights: 0 7 9 6 -4 -7 
====================
Generation count: 209
Best score: 338
Best weights: 0 -2 9 -1 -8 -9 
====================
Generation count: 210
Best score: 371
Best weights: 0 8 6 -1 -8 -7 
====================
Generation count: 211
Best score: 338
Best weights: 0 8 6 -3 -8 -7 
====================
Generation count: 212
Best score: 410
Best weights: 3 6 2 1 -4 -4 
====================
Generation count: 213
Best score: 424
Best weights: 3 6 2 1 -4 -4 
====================
Generation count: 214
Best score: 409
Best weights: 3 6 2 1 -4 -4 
====================
Generation count: 215
Best score: 401
Best weights: 3 6 2 1 -4 -4 
====================
Generation count: 216
Best score: 408
Best weights: 3 6 2 1 -4 -4 
====================
Generation count: 217
Best score: 405
Best weights: 3 6 2 1 -4 -4 
====================
Generation count: 218
Best score: 412
Best weights: 3 6 2 1 -4 -4 
====================
Generation count: 219
Best score: 402
Best weights: 3 6 2 1 -4 -4 
====================
Generation count: 220
Best score: 399
Best weights: 7 8 8 2 -7 -7 
====================
Generation count: 221
Best score: 407
Best weights: 3 6 2 1 -4 -4 
====================
Generation count: 222
Best score: 384
Best weights: 3 6 2 1 -4 -4 
====================
Generation count: 223
Best score: 390
Best weights: 7 8 8 2 -7 -7 
====================
Generation count: 224
Best score: 389
Best weights: 3 6 2 1 -4 -4 
====================
Generation count: 225
Best score: 395
Best weights: 6 5 7 4 7 1 
====================
Generation count: 226
Best score: 378
Best weights: 7 8 8 -3 -8 -7 
====================
Generation count: 227
Best score: 387
Best weights: 7 8 8 -3 -8 -7 
====================
Generation count: 228
Best score: 350
Best weights: 7 9 9 -3 -7 -6 
====================
Generation count: 229
Best score: 351
Best weights: 7 9 9 -3 -7 -6 
====================
Generation count: 230
Best score: 363
Best weights: 5 -3 7 3 -5 -5 
====================
Generation count: 231
Best score: 380
Best weights: 7 4 8 -3 -8 -9 
====================
Generation count: 232
Best score: 361
Best weights: 5 9 7 3 -8 -5 
====================
Generation count: 233
Best score: 338
Best weights: 7 9 8 -3 -8 -6 
====================
Generation count: 234
Best score: 335
Best weights: 7 8 9 -3 -9 -6 
====================
Generation count: 235
Best score: 381
Best weights: 7 4 9 -3 -8 -9 
====================
Generation count: 236
Best score: 417
Best weights: -2 -2 5 2 2 -7 
====================
Generation count: 237
Best score: 416
Best weights: -2 -2 5 2 2 -7 
====================
Generation count: 238
Best score: 404
Best weights: -2 -2 5 2 2 -7 
====================
Generation count: 239
Best score: 396
Best weights: -2 -2 5 2 2 -7 
====================
Generation count: 240
Best score: 406
Best weights: -2 -2 9 2 2 -7 
====================
Generation count: 241
Best score: 429
Best weights: -2 -2 5 2 2 -7 
====================
Generation count: 242
Best score: 399
Best weights: -2 8 9 2 2 -9 
====================
Generation count: 243
Best score: 410
Best weights: -2 8 9 2 2 -9 
====================
Generation count: 244
Best score: 392
Best weights: 0 -8 7 3 1 -7 
====================
Generation count: 245
Best score: 377
Best weights: 0 8 7 2 1 -7 
====================
Generation count: 246
Best score: 360
Best weights: 0 -8 7 3 1 -7 
====================
Generation count: 247
Best score: 343
Best weights: 0 8 7 2 1 -7 
====================
Generation count: 248
Best score: 331
Best weights: 0 -8 7 3 1 -7 
====================
Generation count: 249
Best score: 357
Best weights: 0 -8 7 3 1 -7 
====================
Generation count: 250
Best score: 361
Best weights: 0 8 9 2 1 -7 
====================
Generation count: 251
Best score: 316
Best weights: 0 8 5 3 -8 -6 
====================
Generation count: 252
Best score: 340
Best weights: 0 4 7 3 1 -7 
====================
Generation count: 253
Best score: 406
Best weights: -4 -2 7 2 7 -6 
====================
Generation count: 254
Best score: 416
Best weights: -4 9 7 2 7 -7 
====================
Generation count: 255
Best score: 406
Best weights: -4 9 7 2 7 -7 
====================
Generation count: 256
Best score: 413
Best weights: -4 9 7 2 7 -7 
====================
Generation count: 257
Best score: 373
Best weights: -4 9 7 2 7 -7 
====================
Generation count: 258
Best score: 356
Best weights: -4 9 7 2 7 -7 
====================
Generation count: 259
Best score: 410
Best weights: 6 6 2 5 -7 -3 
====================
Generation count: 260
Best score: 447
Best weights: 6 8 5 5 -7 -3 
====================
Generation count: 261
Best score: 406
Best weights: 6 6 8 5 -7 -6 
====================
Generation count: 262
Best score: 416
Best weights: 6 6 7 -2 -5 -7 
====================
Generation count: 263
Best score: 384
Best weights: 6 9 7 -2 -5 -6 
====================
Generation count: 264
Best score: 351
Best weights: 1 -2 7 2 2 -7 
====================
Generation count: 265
Best score: 388
Best weights: 4 9 8 5 1 1 
====================
Generation count: 266
Best score: 352
Best weights: -4 9 7 -2 -5 -6 
====================
Generation count: 267
Best score: 352
Best weights: 1 9 7 6 -6 -9 
====================
Generation count: 268
Best score: 369
Best weights: 1 9 7 3 -7 -6 
====================
Generation count: 269
Best score: 393
Best weights: 1 9 7 3 -7 -7 
====================
Generation count: 270
Best score: 374
Best weights: 1 9 7 3 -7 -6 
====================
Generation count: 271
Best score: 405
Best weights: 1 9 7 3 -7 -7 
====================
Generation count: 272
Best score: 391
Best weights: -4 9 7 -2 -5 -6 
====================
Generation count: 273
Best score: 414
Best weights: -4 9 7 -2 -5 -6 
====================
Generation count: 274
Best score: 400
Best weights: -4 9 7 -2 -5 -6 
====================
Generation count: 275
Best score: 427
Best weights: -4 9 7 -2 -5 -6 
====================
Generation count: 276
Best score: 433
Best weights: -4 9 7 -2 -5 -6 
====================
Generation count: 277
Best score: 428
Best weights: -4 9 7 -2 -5 -6 
====================
Generation count: 278
Best score: 442
Best weights: -4 9 7 -2 -5 -6 
====================
Generation count: 279
Best score: 429
Best weights: -4 9 7 -2 -5 -6 
====================
Generation count: 280
Best score: 408
Best weights: -4 9 7 -2 -5 -6 
====================
Generation count: 281
Best score: 411
Best weights: -4 8 8 -2 -9 -6 
====================
Generation count: 282
Best score: 395
Best weights: -4 9 7 -2 -5 -6 
====================
Generation count: 283
Best score: 375
Best weights: -4 9 5 -2 -5 -7 
====================
Generation count: 284
Best score: 365
Best weights: -4 8 8 -2 -9 -6 
====================
Generation count: 285
Best score: 357
Best weights: 0 8 7 -3 -5 -6 
====================
Generation count: 286
Best score: 377
Best weights: 0 8 7 -3 -5 -6 
====================
Generation count: 287
Best score: 334
Best weights: 0 8 7 -2 1 -6 
====================
Generation count: 288
Best score: 310
Best weights: 0 8 7 -2 1 -6 
====================
Generation count: 289
Best score: 303
Best weights: 0 8 7 -2 1 -6 
====================
Generation count: 290
Best score: 342
Best weights: 0 8 7 -3 -5 -7 
====================
Generation count: 291
Best score: 361
Best weights: 0 -8 7 -2 -9 -7 
====================
Generation count: 292
Best score: 341
Best weights: 0 8 5 -3 1 -9 
====================
Generation count: 293
Best score: 325
Best weights: 0 8 5 -2 -6 -9 
====================
Generation count: 294
Best score: 349
Best weights: 0 9 5 -2 -7 -6 
====================
Generation count: 295
Best score: 412
Best weights: 6 4 9 2 -3 -1 
====================
Generation count: 296
Best score: 402
Best weights: 6 4 9 2 -3 -1 
====================
Generation count: 297
Best score: 414
Best weights: 6 9 7 2 -3 -1 
====================
Generation count: 298
Best score: 404
Best weights: 4 -9 4 3 -4 -9 
====================
Generation count: 299
Best score: 392
Best weights: 8 -3 9 7 -7 -6 
====================
Generation count: 300
Best score: 398
Best weights: 4 -9 4 3 -4 -9 
====================
